<x: 71.99423999999999     , y: 758.0999800000001     , text:  >
<x: 210.6                 , y: 714.861               , text: THE SOUTHERN COMPANY >
<x: 191.27388             , y: 698.17752             , text: SPECIFICATION NO. SES-S-PTLP >
<x: 213.47496             , y: 664.8105599999999     , text: GENERAL SPECIFICATION >
<x: 291.59256             , y: 631.5016799999999     , text: FOR >
<x: 188.87808             , y: 598.1347199999998     , text: LARGE POWER TRANSFORMERS >
<x: 306.88938             , y: 738.7202800000001     , text:  >
<x: 306.89664             , y: 681.4940399999999     , text:  >
<x: 306.89664             , y: 648.1270799999999     , text:  >
<x: 306.89664             , y: 614.8181999999998     , text:  >
<x: 306.89664             , y: 581.4512399999998     , text:  >
<x: 42.89687999999995     , y: 191.94375999999997    , text:  SES-S-PTLP Copyright © 2004 Southern Company All Rights Reserved >
<x: 506.8761              , y: 103.2624              , text: Revision 4 March 7, 2013 >
<x: 306.0                 , y: 42.357699999999994    , text:  >
<x: 47.64                 , y: 563.7024              , text:  >
<x: 42.0                  , y: 551.4625              , text:  >
<x: 42.0                  , y: 475.4424              , text:  >
<x: 42.0                  , y: 450.4224              , text:  >
<x: 42.0                  , y: 426.1824              , text:  >
<x: 93.6                  , y: 772.4976              , text:  >
<x: 67.56777600000001     , y: 563.7024              , text: NO. 0 1 2 3 4 >
<x: 306.06                , y: 753.96                , text:  >
<x: 226.38                , y: 734.1600000000001     , text: THE SOUTHERN COMPANY >
<x: 210.35999999999999    , y: 714.3600000000001     , text: SPECIFICATION NO. SES-S-PTLP >
<x: 306.05999999999995    , y: 694.5600000000002     , text:  >
<x: 228.71999999999994    , y: 674.7600000000002     , text: GENERAL SPECIFICATION >
<x: 293.3999999999999     , y: 654.9600000000003     , text: FOR >
<x: 208.37999999999994    , y: 635.1600000000003     , text: LARGE POWER TRANSFORMERS >
<x: 306.06                , y: 614.5176              , text:  >
<x: 247.44                , y: 595.7424              , text: RECORD OF REVISIONS >
<x: 306.06                , y: 578.5799999999999     , text:  >
<x: 249.25242             , y: 563.7024              , text: DESCRIPTION >
<x: 103.26228             , y: 563.7024              , text: DATE 8-26-04 5-8-06 3-11-08 8-10-11 03-07-13 General Revision – complete rewrite >
<x: 158.94342             , y: 548.46652             , text: Issued for system use. Misc Revision General Revision General Revision >
<x: 123.30228000000001    , y: 450.4224              , text:  >
<x: 123.30228000000001    , y: 426.1824              , text:  >
<x: 159.00354000000002    , y: 450.4224              , text:  >
<x: 159.00354000000002    , y: 426.1824              , text:  >
<x: 419.93436             , y: 563.7024              , text: PREPARED REVIEWED RLK RLK RLK RLK RLK >
<x: 492.38898             , y: 548.46652             , text: FNL / JDS RTH RTH * MEC * MEC >
<x: 420.0045              , y: 450.4224              , text:  >
<x: 492.48918000000003    , y: 450.4224              , text:  >
<x: 450.24486             , y: 426.1824              , text:  >
<x: 520.98606             , y: 426.1824              , text:  >
<x: 65.27646              , y: 396.47952000000004    , text:  * MEC is the Southern Company Major Equipment Committee SES-S-PTLP NOTE: For procurement of large power transformers this general specification is ONLY to be used in conjunction with an appropriate detailed specification. >
<x: 565.78422             , y: 563.7024              , text:  >
<x: 561.5369999999999     , y: 551.4625              , text:  >
<x: 561.5169599999999     , y: 475.4424              , text:  >
<x: 561.54702             , y: 450.4224              , text:  >
<x: 561.54054             , y: 426.1824              , text:  >
<x: 36.0                  , y: 52.5625               , text: Copyright © 2004 Southern Company All Rights Reserved >
<x: 304.89671999999996    , y: 41.09962              , text: i >
<x: 507.52115999999995    , y: 52.5625               , text: Revision 4 March 7, 2013 >
<x: 129.6                 , y: 722.0975999999999     , text:  >
<x: 222.66                , y: 704.2801000000001     , text: THE SOUTHERN COMPANY SPECIFICATION SES-S-PTLP >
<x: 306.0                 , y: 664.6801000000002     , text:  >
<x: 228.66                , y: 644.8801000000002     , text: GENERAL SPECIFICATION >
<x: 293.34                , y: 625.0801000000002     , text: FOR >
<x: 208.32                , y: 605.2801000000003     , text: LARGE POWER TRANSFORMERS >
<x: 306.0                 , y: 584.6376              , text:  >
<x: 246.71898             , y: 548.5243800000001     , text: TABLE OF CONTENTS >
<x: 71.99645999999996     , y: 427.44059999999996    , text: 2.0 >
<x: 71.99423999999999     , y: 528.0027600000001     , text: 1.0   GENERAL ......................................................................................................................... 1 SCOPE .................................................................................................................... 1 1.1 CODES AND STANDARDS ......................................................................................... 1 1.2 SERVICE CONDITIONS ............................................................................................. 2 1.3 RATINGS ................................................................................................................. 2 1.4 LOSS EVALUATION .................................................................................................. 2 1.5 1.6 DESIGN REVIEWS .................................................................................................... 2 DESIGN REQUIREMENTS .............................................................................................. 4 INSULATION SYSTEM ............................................................................................... 4 2.1 2.2  WINDING AND LEAD DESIGN .................................................................................... 4 2.3 THERMAL DESIGN ................................................................................................... 5 2.4 SHORT CIRCUIT DESIGN .......................................................................................... 6 2.5  MAGNETIC CIRCUIT ................................................................................................. 7 BUSHINGS ............................................................................................................... 8 2.6 DE-ENERGIZED TAP CHANGER ................................................................................ 8 2.7 2.8 CONSERVATOR OIL PRESERVATION SYSTEM ............................................................ 9 REMOVABLE RADIATORS ....................................................................................... 10 2.9 2.10  CONTROL CABINET ................................................................................................ 11 2.11  CONTROLS ............................................................................................................ 12 2.12  FANS, PUMPS AND MOTORS .................................................................................. 13 2.13  AUXILIARY (EXTERNAL) POWER ............................................................................. 14 2.14  AUXILIARY STATION SERVICE TRANSFORMER ......................................................... 14 2.15  VALVES ................................................................................................................. 15 2.16  GENERAL .............................................................................................................. 15 3.0  MANUFACTURING REQUIREMENTS .......................................................................... 17 3.1  WIRING ................................................................................................................. 17 3.2 TERMINAL BLOCKS ................................................................................................ 17 DEVICE IDENTIFICATION ......................................................................................... 18 3.3 GASKETS AND DETAILS ......................................................................................... 18 3.4 3.5 TANK AND FITTINGS ............................................................................................... 19 >
<x: 72.0                  , y: 100.08239999999999    , text: Copyright © 2004 Southern Company All Rights Reserved SES-S-PTLP >
<x: 303.79266             , y: 88.5594               , text:  ii >
<x: 476.04648             , y: 88.5594               , text: Revision 4 March 7, 2013 >
<x: 71.99945999999994     , y: 703.4315999999999     , text:  >
<x: 71.99526000000003     , y: 603.4206              , text: 4.0 >
<x: 71.99718000000007     , y: 515.58648             , text: 5.0 >
<x: 71.99861999999996     , y: 452.94059999999996    , text: 6.0 7.0 8.0 >
<x: 72.00959999999993     , y: 378.36444             , text:  >
<x: 247.62                , y: 722.0975999999999     , text: TABLE OF CONTENTS >
<x: 107.99868000000004    , y: 703.4315999999999     , text:  FASTENERS (BOLTS, STUDS, WASHERS) ................................................................ 20 3.6 PAINTING .............................................................................................................. 21 3.7 INTERNAL COMPONENTS ....................................................................................... 21 3.8 INSULATING OIL ..................................................................................................... 21 3.9 3.10  SPECIAL PROVISIONS ............................................................................................ 21 3.11  DRYING AND SIZING .............................................................................................. 22 TESTS AND SURVEILLANCE ....................................................................................... 23 GENERAL .............................................................................................................. 23 4.1 4.2 TESTS BEFORE SHIPMENT ..................................................................................... 24 ADDITIONAL TEST REPORT DATA ........................................................................... 27 4.3 SURVEILLANCE ...................................................................................................... 28 4.4 4.5 TESTS AFTER SHIPMENT ........................................................................................ 28 DOCUMENT SUBMITTAL .............................................................................................. 29 APPROVAL DOCUMENTS DELIVERED TO ENGINEERING OFFICE ............................... 29 5.1 5.2 FINAL DOCUMENTS DELIVERED TO ENGINEERING OFFICE ....................................... 30 5.3 DOCUMENTATION DELIVERED WITH EQUIPMENT ..................................................... 31 BIDDER’S PROPOSAL .................................................................................................. 31 EQUIPMENT IDENTIFICATION ..................................................................................... 32 SHIPPING AND DELIVERY REQUIREMENTS/ INSPECTION ..................................... 33 >
<x: 129.61067999999995    , y: 396.48143999999996    , text:  >
<x: 108.01301999999993    , y: 359.69844             , text:  >
<x: 252.01462199999995    , y: 359.69844             , text:  >
<x: 72.0                  , y: 100.08239999999999    , text: Copyright © 2004 Southern Company All Rights Reserved SES-S-PTLP >
<x: 302.72051999999996    , y: 88.5594               , text:  iii >
<x: 476.0564999999999     , y: 88.5594               , text: Revision 4 March 7, 2013 >
<x: 71.99945999999994     , y: 703.4315999999999     , text:  >
<x: 247.62                , y: 722.0975999999999     , text: TABLE OF CONTENTS >
<x: 264.12                , y: 685.3215              , text: ATTACHMENTS >
<x: 540.0                 , y: 703.4315999999999     , text:  >
<x: 72.00215999999999     , y: 666.1776              , text: DRAWINGS: PTLP-01 PTLP-02 PTLP-03 PTLP-04 >
<x: 134.93402999999998    , y: 647.5115999999999     , text: RATINGS, STANDARD LARGE POWER TRANSFORMERS BUSHINGS, STANDARD LARGE POWER TRANSFORMERS SURGE ARRESTERS, STANDARD LARGE POWER TRANSFORMERS BUSHING CURRENT TRANSFORMERS, STANDARD LARGE POWER TRANSFORMERS ACCESSORIES, STANDARD LARGE POWER TRANSFORMERS >
<x: 134.98563600000003    , y: 522.9215399999998     , text: CLEATS, GUARD RAIL LARGE POWER TRANSFORMERS INSULATING OIL, STANDARD LARGE POWER TRANSFORMERS >
<x: 72.00215999999998     , y: 560.2535399999998     , text: PTLP-05 PTLP-06 GASKETING, METHODS LARGE POWER TRANSFORMERS PTLP-07 PTLP-08 SPECIFICATION FOR MINERAL OIL - TRANSFORMERS SES-S-OS01 APPENDIX A TECHNICAL DATA APPENDIX B DRAWING SUBMITTAL APPENDIX C REFERENCE INFORMATION >
<x: 72.0                  , y: 100.08239999999999    , text: Copyright © 2004 Southern Company All Rights Reserved SES-S-PTLP >
<x: 302.38986             , y: 88.5594               , text:  iv >
<x: 476.04648             , y: 88.5594               , text: Revision 4 March 7, 2013 >
<x: 129.6                 , y: 722.0975999999999     , text:  >
<x: 222.3                 , y: 704.2801000000001     , text: THE SOUTHERN COMPANY SPECIFICATION SES-S-PTLP >
<x: 228.3                 , y: 664.6801000000002     , text: GENERAL SPECIFICATION >
<x: 292.98                , y: 638.8801000000002     , text: FOR >
<x: 207.96000000000004    , y: 613.0801000000002     , text: LARGE POWER TRANSFORMERS >
<x: 306.0                 , y: 586.4376              , text:  >
<x: 71.99423999999999     , y: 568.3206              , text: 1.0 GENERAL >
<x: 107.99766             , y: 549.18246             , text:  1.1 >
<x: 107.99735999999999    , y: 379.37789999999995    , text:  1.2 >
<x: 116.99837999999997    , y: 247.55771999999996    , text:  >
<x: 143.99778600000002    , y: 530.5176              , text: SCOPE >
<x: 161.99699999999999    , y: 499.19166             , text: This Specification defines general requirements for the design, manufacture, testing, and delivery of outdoor, single and three phase, 60 Hz, oil-filled, large-power transformers with a maximum MVA rating larger than 100-MVA, 115-kV to 500-kV voltage class for the Southern Company. This general specification is to be used in conjunction with a detailed specification and other order entry documents that provide specific requirements not included in this specification. If there is a conflict between any of these documents, the responsible party ordering the transformer must be contacted for clarification. Equipment shall comply with these requirements. >
<x: 158.403246            , y: 379.37789999999995    , text:  >
<x: 143.99748599999998    , y: 360.7176              , text: CODES AND STANDARDS >
<x: 161.99441999999996    , y: 329.39166             , text: Equipment shall be designed, rated, constructed, and tested in accordance with the latest editions of all applicable standards and codes insofar as is consistent with this specification. If there is a conflict between the industry standards and this specification, the manufacturer shall notify the responsible party given in the detailed specification to resolve the conflict before proceeding with work. >
<x: 158.40066599999997    , y: 228.89171999999996    , text: ANSI / IEEE ASTM, AWS (American Welding Society, Inc) CGA (Compressed Gas Association) NEMA, NESC, NFPA (National Fire Protection Association) >
<x: 72.0                  , y: 78.4824               , text: Copyright © 2004 Southern Company All Rights Reserved SES-S-PTLP >
<x: 303.25158             , y: 66.9594               , text:  1 >
<x: 476.03646             , y: 66.9594               , text: Revision 4 March 7, 2013 >
<x: 107.9964              , y: 703.4376              , text:  1.3 >
<x: 129.6                 , y: 722.0975999999999     , text:  >
<x: 129.59472             , y: 634.85766             , text:  >
<x: 117.00066             , y: 616.19166             , text:  >
<x: 117.00066000000001    , y: 584.8657199999999     , text:  >
<x: 107.9961              , y: 473.00147999999984    , text:  1.4 1.5 >
<x: 107.99807999999999    , y: 234.65789999999993    , text:  1.6 >
<x: 158.402286            , y: 703.4376              , text: SSPC (Steel Structures Painting Council) USEPA (US Environmental Protection Agency Regulations) >
<x: 143.99652600000002    , y: 647.5176              , text: SERVICE CONDITIONS >
<x: 161.9967              , y: 616.19166             , text: The transformers will operate in outdoor unsheltered environments when installed in electrical power substations. >
<x: 206.980662            , y: 566.2656              , text: The usual service conditions per ANSI/IEEE C57.12.00 will apply. >
<x: 206.99713200000002    , y: 528.9335999999998     , text: Any special conditions will be identified in the detailed specification. >
<x: 206.969682            , y: 491.60159999999985    , text: The maximum expected wind speed will be 140mph. >
<x: 161.9967              , y: 566.2656              , text: 1.3.1 1.3.2 1.3.3 >
<x: 143.997186            , y: 454.3776              , text: RATINGS >
<x: 162.00562200000002    , y: 423.05165999999997    , text: See detailed specification and letter of inquiry for ratings. >
<x: 143.996226            , y: 385.7976              , text: LOSS EVALUATION >
<x: 161.99772             , y: 354.47166             , text: The capitalized costs for losses will be provided in the Detail Specification or Letter of Inquiry. Loss evaluation for autotransformers will be made at the self cooled rating to determine evaluated total costs for each transformer. Loss evaluation for GSUs will be made at the maximum rating to determine evaluated total costs for each transformer. If either the tested no-load or load loss of the transformer exceeds its respective guarantee, a loss penalty will be assessed against the transformer’s no load and load losses independently. Auxiliary (cooling) losses will be evaluated as load losses at the maximum force-cooled rating (167% of self-cooled). >
<x: 143.99820599999998    , y: 215.99769999999998    , text: DESIGN REVIEWS >
<x: 161.99952             , y: 184.67175999999998    , text: Purchaser reserves the right to have a design review meeting prior to release of the transformer design for production. Design reviews will be required on all new and updated designs. Previously purchased duplicates are subject to design review if one was never performed. Design reviews will be conducted in accordance with plans to be furnished prior to the meetings. Design review meetings will usually be held at the manufacturing facility. >
<x: 72.0                  , y: 78.4824               , text: Copyright © 2004 Southern Company All Rights Reserved SES-S-PTLP >
<x: 303.25158             , y: 66.9594               , text:  2 >
<x: 476.03646             , y: 66.9594               , text: Revision 4 March 7, 2013 >
<x: 129.6                 , y: 722.0975999999999     , text:  >
<x: 117.0                 , y: 703.4376              , text:  >
<x: 117.0                 , y: 527.0438999999999     , text:  >
<x: 161.99604             , y: 684.7715999999999     , text: Design reviews usually will occur when the transformer electrical, mechanical, and lead layout designs are complete. The outline, nameplate, and preliminary control designs or drawings shall also be available for discussion. No manufacturing is to start until completion of the design review and resolution of any important open items. The manufacturer must assume responsibility for any materials ordered prior to completion of the design review. The manufacturer will be required to supply documentation in the form of historical data, computer analysis, previous calculations, design tests, etc. to support supplied calculated data. Southern Company will require the manufacturer to have experimental and other analytical data for review to demonstrate the accuracy of the design calculations. When a design review is required, the following list identifies some of the issues that will be covered: >
<x: 161.99784000000002    , y: 508.62                , text: 1. Shielding and Stray Flux Control 2. >
<x: 189.36                , y: 481.91616             , text: Insulation System, Clearances, and Stresses – Recurrent Surge Oscillograph (RSO) tests will be required on new Southern Company designs. >
<x: 161.99784000000002    , y: 444.00221999999997    , text:  3. Core Design – Core temperatures and hot spot gradients shall be >
<x: 189.36                , y: 418.68233999999995    , text: calculated at both 100% and 105% excitation >
<x: 161.99784000000002    , y: 406.02239999999995    , text:  4. Winding Design including the use of axial crossover supports in the >
<x: 189.36                , y: 380.70251999999994    , text: spacer column of disc windings >
<x: 161.99784000000002    , y: 368.1084599999999     , text:  5. >
<x: 189.35670600000003    , y: 355.4485199999999     , text: Short Circuit Design – The manufacturers may be asked to support the short circuit capability based on model tests, full sized transformer tests, and experience in service. The calculated forces and stresses shall be based on leakage field calculation methods acceptable to and approved by Southern Company. >
<x: 161.99784000000002    , y: 292.2146999999999     , text:  6. Design Margins, and Withstand Criteria – The calculated margin and withstand criteria must be acceptable to and approved by Southern Company. >
<x: 189.36109800000003    , y: 228.98087999999984    , text: Lead routing >
<x: 161.99784000000002    , y: 241.57493999999986    , text:  7. 8. Mechanical design including a detailed description of the clamping >
<x: 189.36                , y: 191.00105999999982    , text: system. Manufactures will be required to provide the deflection in the pressing ring. The mechanical design for shipment shall be approved by Southern Company. >
<x: 189.35670600000003    , y: 140.4271799999998     , text: Thermal >
<x: 161.99784000000002    , y: 153.0871199999998     , text:  9. 10. Sound Level >
<x: 72.0                  , y: 78.4824               , text: Copyright © 2004 Southern Company All Rights Reserved SES-S-PTLP >
<x: 303.25158             , y: 66.9594               , text:  3 >
<x: 476.03646             , y: 66.9594               , text: Revision 4 March 7, 2013 >
<x: 129.6                 , y: 722.0975999999999     , text:  >
<x: 117.00395999999999    , y: 640.2037799999999     , text:  >
<x: 162.0                 , y: 703.4376              , text:  11. Accessories 12. Testing & Test Plan to include test circuit setup, applied voltages, tap >
<x: 189.36216             , y: 652.86372             , text: position during test, and acceptance criteria. >
<x: 107.99486999999999    , y: 603.4207799999999     , text: DESIGN REQUIREMENTS >
<x: 72.00791999999998     , y: 603.4207799999999     , text: 2.0 >
<x: 108.01133999999999    , y: 565.6166399999998     , text: 2.1 >
<x: 129.6                 , y: 552.95766             , text:  >
<x: 117.00594             , y: 534.29166             , text:  >
<x: 117.00594000000001    , y: 490.37165999999996    , text:  >
<x: 144.01146599999998    , y: 565.6176              , text: INSULATION SYSTEM >
<x: 162.00198             , y: 534.29166             , text: All materials used must meet the highest quality standards. The purchaser reserves the right to examine the specifications for all materials to be applied in Southern Company transformers. >
<x: 206.985942            , y: 471.70565999999997    , text: Spacer and barrier pressboard shall be made from high quality pulp. It shall be manufactured using the pre-compressed pressboard method. All materials used in the pressing column shall be high density. >
<x: 206.985942            , y: 396.44874             , text: Paper insulation shall be thermally upgraded for 65 K ratings. Paper insulation for Continuous Transposed Conductor shall be elongated papers such as Dennison crepe paper 22HCC. If Dennison is not used, any alternate papers must be approved by the purchaser. Netting tape is also acceptable where applicable. >
<x: 206.996922            , y: 308.54285999999996    , text: Lebonite, Lignostone or similar material (laminated wood) shall not be used in high electrical stress areas or in direct contact with any current carrying components. >
<x: 206.99802             , y: 245.95685999999995    , text: This transformer shall be designed such that there are no static electrification issues. >
<x: 162.00198             , y: 471.70565999999997    , text: 2.1.1 >
<x: 162.00198             , y: 415.11474             , text:  2.1.2 >
<x: 162.00198             , y: 327.20885999999996    , text:  2.1.3 >
<x: 162.00198             , y: 264.62285999999995    , text:  2.1.4 >
<x: 162.00198             , y: 214.63091999999995    , text:  >
<x: 108.00234             , y: 196.0176              , text: 2.2 WINDING AND LEAD DESIGN >
<x: 117.00204             , y: 183.35765999999998    , text:  >
<x: 161.99808             , y: 164.75753999999998    , text: 2.2.1 2.2.2 >
<x: 206.993022            , y: 164.75753999999998    , text: All windings and leads must be made from copper. >
<x: 206.987532            , y: 127.42554             , text: The use of internal metal oxide protection to limit transient voltages in and between windings is not allowed without the written >
<x: 72.0                  , y: 78.4824               , text: Copyright © 2004 Southern Company All Rights Reserved SES-S-PTLP >
<x: 303.25158             , y: 66.9594               , text:  4 >
<x: 476.03646             , y: 66.9594               , text: Revision 4 March 7, 2013 >
<x: 129.6                 , y: 722.0975999999999     , text:  >
<x: 162.00396             , y: 672.17754             , text:  2.2.3 >
<x: 162.00396             , y: 622.1855999999999     , text:  2.2.4 >
<x: 162.00396             , y: 534.2797199999998     , text:  2.2.5 >
<x: 162.00396             , y: 484.35365999999976    , text:  2.2.6 >
<x: 162.00396             , y: 358.4679599999997     , text:  2.2.7 >
<x: 162.00396             , y: 308.5418999999997     , text:  2.2.8 >
<x: 207.0                 , y: 703.4376              , text: permission of the purchaser. If internal metal oxide is to be used in a proposed design, it must be clearly noted in the bidder’s proposal. >
<x: 207.0                 , y: 653.51154             , text: The Purchaser will require the use of the Weidmann curves with acceptable margins as the basis for dielectric clearances. >
<x: 206.99890200000002    , y: 603.5195999999999     , text: All layer windings shall be continuously transposed cable and wound with compaction or tension on the conductors so that the windings are tight in both radial and axial directions. Layer windings must be made so that adjustment in the winding length can be evenly distributed about the electrical center. >
<x: 207.0                 , y: 515.6137199999998     , text: Disc windings shall have the crossovers supported vertically in the spacer columns >
<x: 207.0                 , y: 465.68765999999977    , text: All leads must be well supported for short circuit, handling, and shipping forces. They must be secured using high density pressboard clamps with pressboard sleeves covering the bolts. Each lead must have a pressboard sleeve where it goes through a clamp. The use of cotton tape, string, or plastic ties is not acceptable. For applications 250kV BIL and below, the use of laminated wood or hard maple clamps for supports is acceptable, but pressboard sleeves are still required. >
<x: 206.98243200000002    , y: 339.8678399999997     , text: The hot spot temperature of leads must not exceed the maximum hot spot in the windings by more than 2K. >
<x: 206.993412            , y: 289.8758999999997     , text: A Recurrent Surge Oscillograph Test (Low Voltage Impulse Test) will be required on all new designs for Southern Company in order to confirm the manufacturer’s impulse distribution calculations. Test results on Southern Company transformers shall be provided to Southern Company. >
<x: 162.00396             , y: 220.6360199999997     , text:  >
<x: 144.00444600000003    , y: 202.0176              , text: THERMAL DESIGN >
<x: 108.00432             , y: 201.9700199999997     , text: 2.3 >
<x: 161.99681999999999    , y: 170.75753999999998    , text: 2.3.1 >
<x: 206.99285999999998    , y: 170.75753999999998    , text: The transformer shall be designed for loading per ANSI/IEEE C57.91 loading guide. Ancillary equipment shall not restrict loading capabilities and conditions described to levels below those permitted by the insulated conductor and other metallic part hot spots per section 9 of C57.91. >
<x: 72.0                  , y: 78.4824               , text: Copyright © 2004 Southern Company All Rights Reserved SES-S-PTLP >
<x: 303.25158             , y: 66.9594               , text:  5 >
<x: 476.03646             , y: 66.9594               , text: Revision 4 March 7, 2013 >
<x: 129.6                 , y: 722.0975999999999     , text:  >
<x: 108.00036             , y: 534.2797199999997     , text: 2.4 >
<x: 116.99867999999998    , y: 433.79765999999995    , text:  >
<x: 162.0                 , y: 703.4376              , text:  2.3.2 >
<x: 162.0                 , y: 640.8515999999998     , text:  2.3.3 >
<x: 162.0                 , y: 552.9457199999997     , text:  >
<x: 206.99604             , y: 684.7715999999999     , text: The manufacturer shall calculate the oil rise in each individual winding as well as the gradient in the top turn or disc of each individual winding. >
<x: 206.99604             , y: 622.1855999999998     , text: The manufacturer shall calculate the hot spot rises in each individual winding based on the calculated oil rises and gradients from 2.3.2, the maximum localized losses, insulation on the conductors, and oil flow patterns. Hot spot allowances will not be accepted. >
<x: 144.00048600000002    , y: 534.2976              , text: SHORT CIRCUIT DESIGN >
<x: 161.99471999999997    , y: 503.03754             , text: Short circuit withstand shall be designed per ANSI/IEEE C57.12.00 with fault currents limited by transformer impedance only and for fault duration of five (5) seconds. No system impedance is allowed for the calculations. The calculation of the forces and stresses shall be based on acceptable leakage field calculation methods. >
<x: 206.97868199999996    , y: 415.13165999999995    , text: Core Form Short Circuit Design Requirements >
<x: 161.99471999999997    , y: 415.13165999999995    , text: 2.4.1 >
<x: 206.99075999999997    , y: 377.79965999999996    , text: 1. The inner windings must be designed to withstand “free” or unsupported buckling and “forced” or buckling between axial spacers. >
<x: 206.99075999999997    , y: 333.87965999999994    , text:  2. The calculated bending between radial spacers and the stress >
<x: 224.98697999999996    , y: 302.55371999999994    , text: on the radial spacers must be furnished. Calculation of axial forces shall be based on a minimum off set between windings of: >
<x: 224.99686199999996    , y: 252.62765999999993    , text: 0.50% - 0.45% - 0.40% - 0.35% - 7mm - >
<x: 206.98417199999997    , y: 271.22777999999994    , text:  Shell Form Short Circuit Design Requirements >
<x: 287.97375             , y: 252.62765999999993    , text: Windings 800mm and below Windings 800 to 1200mm Windings 1200 to 1600mm Windings 1600 to 2000mm Windings greater than 2000mm >
<x: 431.97645000000017    , y: 215.29565999999994    , text:  >
<x: 161.99471999999997    , y: 140.69753999999995    , text: 2.4.2 >
<x: 72.0                  , y: 78.4824               , text: Copyright © 2004 Southern Company All Rights Reserved SES-S-PTLP >
<x: 303.25158             , y: 66.9594               , text:  6 >
<x: 476.03646             , y: 66.9594               , text: Revision 4 March 7, 2013 >
<x: 129.6                 , y: 722.0975999999999     , text:  >
<x: 207.0                 , y: 703.4376              , text: 1. Beam bending of conductors between supporting spacers shall >
<x: 224.99622             , y: 690.77766             , text: be calculated. >
<x: 207.0                 , y: 672.17754             , text:  2. Inner and outer coil edges shall be supported in order to prevent >
<x: 224.99622             , y: 640.8516              , text: failures due to cantilever forces during short circuit conditions. >
<x: 207.0                 , y: 622.1855999999999     , text:  >
<x: 108.00431999999999    , y: 603.5376              , text: 2.5 MAGNETIC CIRCUIT >
<x: 117.00534             , y: 590.87766             , text:  >
<x: 162.00138             , y: 572.27754             , text: 2.5.1 >
<x: 162.00138             , y: 540.9516              , text:  2.5.2 >
<x: 162.00138             , y: 465.70565999999997    , text:  2.5.3 >
<x: 162.00138             , y: 403.11965999999995    , text:  2.5.4 >
<x: 162.00138             , y: 327.87371999999993    , text:  2.5.5 >
<x: 162.00138             , y: 214.6479599999999     , text:  2.5.6 >
<x: 162.00138             , y: 164.7218999999999     , text:  2.5.7 >
<x: 206.99742             , y: 572.27754             , text: The core induction at 110% voltage shall be limited to 1.93 Tesla with step lap joints and 1.90 Tesla without. >
<x: 206.99742             , y: 522.2856              , text: In core form designs, each individual core leg shall be banded or wrapped using a high temperature material for mechanical support. If a total wrap is used it must have a means to allow oil flow between the wrap and the core. >
<x: 206.99742             , y: 447.03965999999997    , text: All cooling ducts in the core and between the tie plates and core shall utilize high temperature material capable of withstanding the expected temperatures. >
<x: 206.99742             , y: 384.45365999999996    , text: The core hot spot temperature shall be less than 125 C at full rated load, 105% voltage, and 30 C Average ambient temperature (Core Hot Spot Gradient over Top Oil Rise + Top Oil Rise Over Ambient + 30 C Average Ambient Temperature). >
<x: 206.99742             , y: 309.20771999999994    , text: The core surface temperature shall be less than 95 C at full rated load, 105% voltage, and 30 C Average ambient temperature (Core Surface Gradient over Top Oil Rise + Top Oil Rise Over Ambient + 30 C Average Ambient Temperature). If the core surface temperature exceeds 95 C, high temperature material (i.e. Nomex, high temperature fiberglass, etc.) shall be used in lieu of pressboard. >
<x: 206.968872            , y: 195.9819599999999     , text: The maximum allowed burr on the edges would be .02 mm or .00078 inches. >
<x: 206.99742             , y: 146.0558999999999     , text: The core shall be connected to ground through a terminal located on the tank wall. Insulated frames and any other windings (auxiliary transformers, reactors, series transformers, etc.) separate from the main core and coil assembly shall each have separate grounds >
<x: 72.0                  , y: 78.4824               , text: Copyright © 2004 Southern Company All Rights Reserved SES-S-PTLP >
<x: 303.25158             , y: 66.9594               , text:  7 >
<x: 476.03646             , y: 66.9594               , text: Revision 4 March 7, 2013 >
<x: 129.6                 , y: 722.0975999999999     , text:  >
<x: 108.00432             , y: 590.2777199999999     , text: 2.6 >
<x: 129.59832             , y: 577.61766             , text:  >
<x: 117.00426             , y: 558.95166             , text:  >
<x: 207.0                 , y: 703.4376              , text: connected in the same manner. The terminal bushings shall have a minimum current carrying rating of 200A and be capable of withstanding a 2500V DC insulation resistance test. The terminals shall be located in an oil tight, weatherproof enclosure. The terminal bushings and straps shall be clearly and permanently identified with nameplate adjacent to or on the enclosure. Large enclosures shall be hinged. >
<x: 162.00396             , y: 608.8778399999999     , text:  >
<x: 144.00444600000003    , y: 590.2777199999999     , text: BUSHINGS >
<x: 162.00579             , y: 559.55556             , text: See Drawing PTLP-02 >
<x: 207.00073200000003    , y: 522.2235599999999     , text: Bushing arrangement is subject to Purchaser approval. >
<x: 162.0003              , y: 521.61966             , text: 2.6.1 2.6.2 Minimum external clearance, metal-to-metal: >
<x: 144.00408000000004    , y: 465.6875399999999     , text:  >
<x: 187.44096000000005    , y: 446.5493999999999     , text: System >
<x: 175.50570000000005    , y: 427.8833999999999     , text: Voltage (kV) Below 230 >
<x: 198.84                , y: 389.63759999999996    , text: 230 500 >
<x: 247.02942000000007    , y: 446.5493999999999     , text: BIL (kV) Phase-GroundClearance (in) >
<x: 379.9313400000001     , y: 446.5493999999999     , text: Phase-Phase Clearance (in) >
<x: 254.85447             , y: 408.7776              , text: ANSI 900 1550 >
<x: 320.64408000000003    , y: 408.7776              , text: ANSI 71 124 >
<x: 401.58570000000003    , y: 408.7776              , text: ANSI 89 ANSI >
<x: 162.0                 , y: 351.2976              , text:  2.6.3 >
<x: 162.0                 , y: 250.79765999999995    , text:  2.6.4 >
<x: 162.0                 , y: 188.14577999999995    , text:  >
<x: 206.994942            , y: 332.69748             , text: The low voltage bushings, low voltage interface design, spacing and flange arrangement for generator step up transformers shall be coordinated with the low voltage interface requirements (isolated phase bus or other means) and shall be subject to approval by the Purchaser. Details of the low voltage interface will be provided in the detail specification. >
<x: 206.99604             , y: 232.13165999999995    , text: Low voltage bushings and associated gasketing for generator step up transformers shall be rated for 125 deg C temperatures. Shared oil type bushings are not allowed. >
<x: 144.00048600000002    , y: 169.55769999999998    , text: DE-ENERGIZED TAP CHANGER >
<x: 108.00036             , y: 169.54565999999994    , text: 2.7 >
<x: 161.99814             , y: 138.23175999999998    , text: 2.7.1 >
<x: 206.99308200000002    , y: 138.23175999999998    , text: A de-energized tap changer (DETC) will be required unless otherwise stated in the detail specification and/or the letter of inquiry. Rated tap positions will be given in the detail specification >
<x: 72.0                  , y: 78.4824               , text: Copyright © 2004 Southern Company All Rights Reserved SES-S-PTLP >
<x: 303.25158             , y: 66.9594               , text:  8 >
<x: 476.03646             , y: 66.9594               , text: Revision 4 March 7, 2013 >
<x: 129.6                 , y: 722.0975999999999     , text:  >
<x: 108.00432             , y: 403.10165999999975    , text: 2.8 >
<x: 117.00317999999999    , y: 289.9118399999999     , text:  >
<x: 207.0                 , y: 703.4376              , text: and/or letter of inquiry. The taps shall be located in the high voltage winding (series winding for auto transformers). >
<x: 207.0                 , y: 653.51154             , text: The tap changer shall be operable from ground level. The height shall not exceed 5 feet from the base of the tank. >
<x: 207.0                 , y: 603.5195999999999     , text: A tap position indicator will be located integral with the operating handle and shall be readable from the ground. Operation of the tap changer and visibility of the indicator shall not be impeded or obscured in any way by other components such as radiators, conduit, etc. >
<x: 206.99890200000002    , y: 515.6137199999998     , text: The operating mechanism shall be lockable on any tap position with padlock having a 3/8” shackle. >
<x: 207.0                 , y: 465.68765999999977    , text: Tap changer contacts shall be silver plated. Tap changers having requirements for periodic movement of the contacts to prevent coking will not be accepted. >
<x: 162.00396             , y: 672.17754             , text:  2.7.2 >
<x: 162.00396             , y: 622.1855999999999     , text:  2.7.3 >
<x: 162.00396             , y: 534.2797199999998     , text:  2.7.4 >
<x: 162.00396             , y: 484.35365999999976    , text:  2.7.5 >
<x: 162.00396             , y: 421.76765999999975    , text:  >
<x: 144.00444600000003    , y: 403.13759999999996    , text: CONSERVATOR OIL PRESERVATION SYSTEM >
<x: 161.99921999999995    , y: 371.81165999999996    , text: A conservator oil preservation system is required unless the detail specification or letter of inquiry specifies another system type. It shall be an air cell type of system designed to prevent oil-air contact. The conservator and all associated valves and piping shall be vacuum proof. This capability shall be shown on the nameplate. See Drawing PTLP-05. Provide for the following requirements: >
<x: 161.99921999999998    , y: 271.24583999999993    , text: 2.8.1 2.8.2 >
<x: 161.99921999999998    , y: 202.65377999999993    , text:  2.8.3 >
<x: 161.99921999999998    , y: 140.0677799999999     , text:  2.8.4 >
<x: 206.994162            , y: 271.24583999999993    , text: A drain valve to completely drain the conservator tank. >
<x: 206.98318199999997    , y: 233.97971999999993    , text: A conservator tank oil level gauge with two sets of form C alarm contacts. >
<x: 206.994162            , y: 183.98777999999993    , text: A regenerating desiccant breather for air space located at ground level. Messko and Waukesha are the preferred manufacturers. Any others must be approved by the purchaser. >
<x: 206.994162            , y: 121.40177999999993    , text: Gas collector/detector relay system with copper tubing. >
<x: 72.0                  , y: 78.4824               , text: Copyright © 2004 Southern Company All Rights Reserved SES-S-PTLP >
<x: 303.25158             , y: 66.9594               , text:  9 >
<x: 476.03646             , y: 66.9594               , text: Revision 4 March 7, 2013 >
<x: 129.6                 , y: 722.0975999999999     , text:  >
<x: 162.0                 , y: 703.4376              , text:  2.8.5 2.8.6 2.8.7 >
<x: 162.0                 , y: 578.8585199999998     , text:  2.8.8 >
<x: 162.0                 , y: 491.60045999999977    , text:  >
<x: 206.994942            , y: 684.7715999999999     , text: Provisions for vacuum processing through the conservator. >
<x: 206.989452            , y: 647.5054799999999     , text: Provide isolation valve between the conservator and main tank. >
<x: 206.989452            , y: 610.1734799999998     , text: Provide bladder manufactured by Pronal or other customer approved equivalent. >
<x: 206.994942            , y: 560.2583999999998     , text: Design oil expansion tank for -30 C to +110 C oil temperature. >
<x: 206.99604             , y: 522.9263999999998     , text: The leak rate must be such that the oil will not become saturated in a period of less than 10 years. >
<x: 144.00048600000002    , y: 473.0376              , text: REMOVABLE RADIATORS >
<x: 108.00036             , y: 473.00033999999977    , text: 2.9 >
<x: 161.99166             , y: 441.71166             , text: 2.9.1 >
<x: 161.99166             , y: 410.38572             , text:  2.9.2 2.9.3 >
<x: 161.99166             , y: 323.12766             , text:  2.9.4 >
<x: 161.99166000000002    , y: 273.2016              , text:  2.9.5 >
<x: 161.99166000000002    , y: 223.20965999999999    , text:  2.9.6 >
<x: 161.99166000000002    , y: 160.62365999999997    , text:  2.9.7 >
<x: 206.986602            , y: 441.71166             , text: Install radiators to permit removal without losing oil from main tank and without affecting use of remaining radiators. >
<x: 206.981112            , y: 391.7856              , text: Bolt-on radiator valves are acceptable. >
<x: 206.975622            , y: 354.4536              , text: Provide means for venting trapped air from radiators, headers, piping, etc. >
<x: 206.98770000000002    , y: 304.46166             , text: Valve position indicators shall be clearly marked to indicate OPEN and CLOSED positions. >
<x: 206.97562200000002    , y: 254.5356              , text: Provide means for securely bolting the valves in both OPEN and CLOSED positions. >
<x: 206.97562200000002    , y: 204.60953999999998    , text: Transformers supplied with coolers shall have hinged panels that allow the fan motors and shrouds to swing away from the cooler tubes for ease of cleaning. >
<x: 206.98770000000002    , y: 141.95765999999998    , text: Radiators shall be painted, galvanized or painted galvanized. The detail specification or letter of inquiry will indicate which coating to use. >
<x: 72.0                  , y: 78.4824               , text: Copyright © 2004 Southern Company All Rights Reserved SES-S-PTLP >
<x: 300.46601999999996    , y: 66.9594               , text:  10 >
<x: 476.04648             , y: 66.9594               , text: Revision 4 March 7, 2013 >
<x: 129.6                 , y: 722.0975999999999     , text:  >
<x: 162.0                 , y: 703.4376              , text:  2.9.8 >
<x: 162.0                 , y: 653.5115399999999     , text:  >
<x: 206.989452            , y: 684.7715999999999     , text: The radiator manufacturer must be approved by purchaser. Menk is preferred. >
<x: 108.00036             , y: 634.8577              , text: 2.10 CONTROL CABINET >
<x: 117.00216             , y: 622.19776             , text:  >
<x: 161.9982              , y: 603.53176             , text: 2.10.1 Mounting such that height of internal components requiring routine >
<x: 206.99424             , y: 590.87182             , text: Purchaser access is approximately between 2 ft. and 5 ft. above transformer base and the cabinet bottom is minimum 18 inches above the transformer base. >
<x: 161.9982              , y: 546.9518199999999     , text:  2.10.2 Doors with non-corrosive hinges. 2.10.3 Double door construction for door openings wider than 42 in. 2.10.4 NEMA 3R rain-tight, ventilated construction. 2.10.5 No penetrations in top of cabinet. 2.10.6 Terminal block spacing such that there is a minimum 4 in. clearance >
<x: 206.99424             , y: 366.42963999999984    , text: space for Purchaser's cable terminations and between adjacent blocks where Purchaser's terminations are required between blocks. >
<x: 161.9982              , y: 335.10369999999983    , text:  2.10.7 Removable plate for Purchaser's conduit entrance mounted on inside of cabinet bottom with minimum usable size 8 in. x 18 in. >
<x: 161.9982              , y: 285.1776399999998     , text:  2.10.8 Provide two or more cabinet heaters for moisture control, mounted >
<x: 206.99424             , y: 253.85169999999982    , text: in safe and secure location, one half continuously energized and one half controlled by an adjustable means to operate at 120 VAC. >
<x: 161.9982              , y: 222.5916399999998     , text:  2.10.9 Provide 120-VAC lighting mounted inside the control cabinet. 2.10.10 Provide power outlet, 120-VAC, 20A, duplex, GFCI type, mounted >
<x: 206.99424             , y: 153.93369999999982    , text: inside the control cabinet. >
<x: 161.9982              , y: 135.26769999999982    , text:  2.10.11 Internal mounted gauges/monitors shall have a viewing window in >
<x: 206.99424             , y: 104.00763999999982    , text: the door. >
<x: 72.0                  , y: 78.4824               , text: Copyright © 2004 Southern Company All Rights Reserved SES-S-PTLP >
<x: 300.46601999999996    , y: 66.9594               , text:  11 >
<x: 476.04648             , y: 66.9594               , text: Revision 4 March 7, 2013 >
<x: 129.6                 , y: 722.0975999999999     , text:  >
<x: 162.0                 , y: 703.4376              , text:  2.10.12 If a 480VAC or 600 VAC auxiliary external power source is used, >
<x: 206.99604             , y: 672.1775399999999     , text: barriers shall be provided inside the control cabinet separating components of primary power circuit from alternate circuits of 480- or 600-VAC circuits from control and alarm circuits. >
<x: 162.0                 , y: 628.1916599999998     , text:  2.10.13 All auxiliary equipment contacts shall be wired to terminal blocks in control cabinet and rated for use on 125-VDC ungrounded source. >
<x: 162.0                 , y: 578.2655999999998     , text:  >
<x: 108.00036             , y: 559.6176              , text: 2.11 CONTROLS >
<x: 161.99687999999998    , y: 546.95766             , text:  2.11.1 Fan and pump motor power circuits shall be equipped with under >
<x: 206.99291999999997    , y: 515.63172             , text: voltage relays. >
<x: 161.99687999999998    , y: 497.03159999999997    , text:  2.11.2 Provide selector switches to alternate sequence of operation of >
<x: 206.99291999999997    , y: 465.70565999999997    , text: cooling stages, where applicable. >
<x: 161.99687999999998    , y: 447.03965999999997    , text:  2.11.3 Cooling equipment stages shall be wired and protected so opening >
<x: 206.99291999999997    , y: 415.77959999999996    , text: a circuit breaker will disable only the affected stage. >
<x: 161.99687999999998    , y: 397.11359999999996    , text:  2.11.4 Provide ON-OFF-AUTO control switch for each stage of cooling. In >
<x: 206.99291999999997    , y: 365.78765999999996    , text: AUTO mode, cooling equipment shall be controlled by parallel operation of electronic temperature monitor and oil temperature indicator switches. >
<x: 161.99687999999998    , y: 321.86765999999994    , text:  2.11.5 Wire the control circuit for the oil pump motor contactor to terminal >
<x: 206.99291999999997    , y: 290.54171999999994    , text: blocks in order to permit the purchaser to wire a remote lockout auxiliary relay normally-closed contact in series with the power source and the motor contactor. >
<x: 161.99687999999998    , y: 246.62171999999993    , text:  2.11.6 Fan groups shall be balanced among radiator banks for each >
<x: 206.99291999999997    , y: 215.29577999999992    , text: cooling stage. >
<x: 161.99687999999998    , y: 196.62977999999993    , text:  2.11.7 Cooling equipment contactors shall be UL approved definite >
<x: 206.99291999999997    , y: 165.30383999999992    , text: purpose. The minimum rating shall be 200% of the connected horsepower or 150% of the connected full load current. >
<x: 161.99687999999998    , y: 134.03279999999992    , text:  >
<x: 72.0                  , y: 78.4824               , text: Copyright © 2004 Southern Company All Rights Reserved SES-S-PTLP >
<x: 300.46601999999996    , y: 66.9594               , text:  12 >
<x: 476.04648             , y: 66.9594               , text: Revision 4 March 7, 2013 >
<x: 129.6                 , y: 722.0975999999999     , text:  >
<x: 162.0                 , y: 703.4376              , text: 2.11.8 All power sources and branch circuits shall be protected by molded >
<x: 206.99604             , y: 690.77766             , text: case circuit breakers rated 240 VAC with minimum 10,000 Amp RMS symmetrical interrupting current. >
<x: 162.0                 , y: 659.5175999999999     , text:  >
<x: 108.00036             , y: 640.8577              , text: 2.12 FANS, PUMPS AND MOTORS >
<x: 116.99970000000002    , y: 628.19776             , text:  >
<x: 161.99574             , y: 609.53176             , text: 2.12.1 Fans and motors must be approved by the Purchaser. Krenz fans >
<x: 206.99178             , y: 596.87182             , text: are preferred. >
<x: 161.99574             , y: 578.2717              , text:  2.12.2 OSHA approved fan blade guards and metal blades. 2.12.3 Motors >
<x: 233.99269800000002    , y: 447.6755799999999     , text: Thermally protected, automatic reset. >
<x: 233.99050200000002    , y: 485.0075799999999     , text: Single phase (preferred), 3 phase if above 1 hp, 60Hz. >
<x: 206.99178             , y: 485.0075799999999     , text: 1. 2. 3. 4. Housings grounded by separate grounding conductor from >
<x: 233.98830600000002    , y: 410.3435799999999     , text: Sealed, permanently lubricated ball bearings. >
<x: 233.9916              , y: 360.4175199999999     , text: motor to ground connection in control cabinet. >
<x: 206.99178             , y: 341.7515199999999     , text:  5. 6. 7. >
<x: 233.99050200000002    , y: 323.0855199999999     , text: Suitable for mounting in any position. >
<x: 233.99269800000002    , y: 285.8193999999999     , text: Interior protected against rust and corrosion. >
<x: 233.979522            , y: 248.48739999999992    , text: Equipped with 3/16 in. diameter maximum threaded drain holes; holes temporarily plugged (not taped) for shipment. Temporary plugs shall be highly visible and tagged. >
<x: 206.99178             , y: 204.5673999999999     , text:  8. UL listed; Class F (or better) insulation material. 9. Centrifugal/mechanical switches not acceptable. >
<x: 72.0                  , y: 78.4824               , text: Copyright © 2004 Southern Company All Rights Reserved SES-S-PTLP >
<x: 300.46601999999996    , y: 66.9594               , text:  13 >
<x: 476.04648             , y: 66.9594               , text: Revision 4 March 7, 2013 >
<x: 129.6                 , y: 722.0975999999999     , text:  >
<x: 207.0                 , y: 703.4376              , text: 10. Pump motor electrical connectors capable of withstanding full >
<x: 233.99982             , y: 690.77766             , text: vacuum on main tank. >
<x: 162.00396             , y: 672.17754             , text:  2.12.4 Pumps shall be Harley/Cardinal with sleeve bearings or Purchaser’s >
<x: 207.0                 , y: 640.8516              , text: approved equivalent. >
<x: 162.00396             , y: 622.1855999999999     , text:  >
<x: 108.00432             , y: 603.5376              , text: 2.13 AUXILIARY (EXTERNAL) POWER >
<x: 116.99711999999997    , y: 590.87766             , text:  >
<x: 161.99315999999993    , y: 572.27754             , text: See detail specification and/or letter of inquiry for 60 Hz external power source provided by the purchaser. If the external voltage furnished is greater than 120/240VAC then the manufacturer must provide an adequately sized dry-type auxiliary power step-down transformer to supply auxiliary power requirements. 2.13.1 The step down voltage determined for the auxiliary power will be >
<x: 206.98919999999993    , y: 471.71172             , text: subject to Purchaser’s review and acceptance. >
<x: 161.99315999999993    , y: 453.04572             , text:  2.13.2 Separate auxiliary transformers shall be furnished for each external power source. Transformers to be delta connected primary with two above and two below 2-1/2 percent taps and secondary as determined by the manufacturer. >
<x: 161.99315999999993    , y: 377.79978             , text:  2.13.3 The auxiliary power transformer can be mounted external to the >
<x: 206.98919999999993    , y: 346.47384             , text: control cabinet. Externally mounted transformers shall be NEMA 3R rain tight, ventilated construction. >
<x: 161.99315999999993    , y: 315.21378             , text:  2.13.4 A visible break for each power source by a heavy duty safety switch >
<x: 206.98919999999993    , y: 283.88784             , text: shall be furnished in the control cabinet or separately mounted. >
<x: 129.59117999999992    , y: 265.22184             , text:  >
<x: 107.99351999999992    , y: 246.6576              , text: 2.14 AUXILIARY STATION SERVICE TRANSFORMER >
<x: 116.99514000000002    , y: 233.99766             , text:  >
<x: 161.99118             , y: 215.33166             , text: 2.14.1 2.14.2 >
<x: 161.99118             , y: 146.7396              , text:  2.14.3 >
<x: 211.481334            , y: 215.33166             , text: See Appendix C sheets 2 of 4 and 3 of 4. >
<x: 211.48792200000003    , y: 177.99966             , text: See Detail Specification or Letter of Inquiry for station service power source requirements. >
<x: 211.481334            , y: 128.0736              , text: Visible break for each power source by a heavy duty safety switch shall be provided. >
<x: 72.0                  , y: 78.4824               , text: Copyright © 2004 Southern Company All Rights Reserved SES-S-PTLP >
<x: 300.46601999999996    , y: 66.9594               , text:  14 >
<x: 476.04648             , y: 66.9594               , text: Revision 4 March 7, 2013 >
<x: 108.00233999999999    , y: 684.7776              , text: 2.15 VALVES >
<x: 129.6                 , y: 722.0975999999999     , text:  >
<x: 129.59946000000002    , y: 672.18354             , text:  >
<x: 158.4                 , y: 653.5176              , text: See Drawing PTLP-05 2.15.1 Provide one (1) drain valve and one (1) fill valve located in the >
<x: 206.99748             , y: 603.5256599999999     , text: segment opposite the drain valve. Drain valve shall be arranged so that tank can be completely drained of oil. >
<x: 162.00144             , y: 572.2656              , text:  2.15.2 Bolt on valves will be accepted but will have to meet the specified gasket requirements. There shall be no gasket joints between tank and non-bolted valves. >
<x: 162.00144             , y: 509.6137199999999     , text:  2.15.3 Provide upper and lower 2” valves (ball is preferred, but gate valves are acceptable) mounted in the same segment for future connection of a Kelman, Serveron, or Hydrocal monitor. The upper (return) valve shall be plumbed internally to the upper portion of the tank and the lower (intake) plumbed straight into the oil. When the monitor is required by the detail specification, isolation valves of the type and quantity recommended by the OEM and approved by the purchaser shall be provided. >
<x: 162.00144             , y: 383.79389999999984    , text:  2.15.4 For GSU transformers and reactors, provide one (1) rapid-pressure-rise relay with 2” valve installed per drawing PTLP-10 and located to permit removal of the relay with the transformer in service. This is not required for auto transformers unless specified in the detail specification. >
<x: 116.99442             , y: 295.8880199999998     , text:  >
<x: 107.99082             , y: 277.2577              , text: 2.16 GENERAL >
<x: 117.00138000000001    , y: 264.66364             , text:  >
<x: 161.99742             , y: 245.99764             , text: 2.16.1 Surge Arresters - Provisions for tank mounted surge arresters along >
<x: 206.99345999999997    , y: 233.33769999999998    , text: with separate ground pads shall be provided with any arresters supplied by the Purchaser (Per Drawing PTLP-03). The individual arrester pads shall be mounted as close as possible to the respective arrester base. >
<x: 161.99741999999998    , y: 176.75775999999996    , text:  2.16.2 Current Transformers - See Drawing PTLP-04 and the Detail >
<x: 206.99346             , y: 145.43181999999996    , text: Specification or Letter of Inquiry. >
<x: 161.99742             , y: 126.76581999999998    , text:  >
<x: 72.0                  , y: 78.4824               , text: Copyright © 2004 Southern Company All Rights Reserved SES-S-PTLP >
<x: 300.46601999999996    , y: 66.9594               , text:  15 >
<x: 476.04648             , y: 66.9594               , text: Revision 4 March 7, 2013 >
<x: 129.6                 , y: 722.0975999999999     , text:  >
<x: 162.0                 , y: 703.4376              , text: 2.16.3 Design for Shipment - All transformers must be designed to withstand longitudinal, transverse, and vertical accelerations encountered during shipment by ship, truck, and railroad. The manufacturer is responsible for determining the forces to be encountered during shipment. >
<x: 162.0                 , y: 634.1977199999999     , text:  2.16.4 Gauges, Thermometers, Relays, and Devices - See Drawing >
<x: 206.99604000000002    , y: 603.4756799999999     , text: PTLP-05 and detail specification. >
<x: 162.00000000000003    , y: 584.2716599999999     , text:  2.16.5 Geomagnetically Induced Current (GIC) - The transformer shall be >
<x: 206.99604000000002    , y: 552.9457199999998     , text: designed to withstand the following GIC levels: >
<x: 162.0                 , y: 534.1824              , text:  >
<x: 162.0                 , y: 485.5176              , text:  >
<x: 162.0                 , y: 454.19759999999997    , text:  >
<x: 162.0                 , y: 422.9376              , text:  >
<x: 162.0                 , y: 391.6176              , text:  >
<x: 206.99604             , y: 516.8376000000001     , text: 200 amps in the neutral of the bank (67amps / phase): 1 minute is permissible 150 amps in the neutral of the bank (50 amps / phase): 2 minutes is permissible 100 amps in the neutral of the bank (33.5 amps / phase): 5 minutes is permissible 50 amps in the neutral of the bank (17 amps / phase): 1 hour is permissible 25 amps in the neutral of the bank (8.5 amps / phase): 2 hours is permissible >
<x: 162.0                 , y: 360.2976              , text:  2.16.6 Audible sound shall meet levels per NEMA-TR-1-1908. The average >
<x: 206.99604             , y: 329.03754             , text: sound level shall not exceed 85 dB(A). Any special sound requirements will be given in the detailed specification and discussed during design review in order to determine the test procedure and all acceptance criteria. >
<x: 162.0                 , y: 272.45759999999996    , text:  2.16.7 Auto transformers (system tie) shall be designed for step-up/step->
<x: 206.99604             , y: 241.13165999999995    , text: down operation. >
<x: 162.0                 , y: 222.46565999999996    , text:  2.16.8 This transformer shall be designed such that special procedures >
<x: 206.99604             , y: 191.13971999999995    , text: and/or restrictions for energization or de-energization are not required. >
<x: 162.0                 , y: 159.87965999999994    , text:  2.16.9 For auto transformers with tertiary, the tertiary winding shall be designed and name plated for continuous loading of 35% of the main winding rating determined by the product of [Co-Ratio] X [MVA Rating] X 35%. For example, the tertiary winding of a 230/115 kV >
<x: 72.0                  , y: 78.4824               , text: Copyright © 2004 Southern Company All Rights Reserved SES-S-PTLP >
<x: 300.46601999999996    , y: 66.9594               , text:  16 >
<x: 476.04648             , y: 66.9594               , text: Revision 4 March 7, 2013 >
<x: 129.6                 , y: 722.0975999999999     , text:  >
<x: 162.00396             , y: 672.17754             , text:  >
<x: 207.0                 , y: 703.4376              , text: autotransformer rated 180 MVA ONAN shall be rated [115kV/230kV X 180 MVA X .35 = 31.5 MVA ONAN. >
<x: 72.00090000000002     , y: 635.39454             , text: 3.0 MANUFACTURING REQUIREMENTS >
<x: 108.00432             , y: 597.5376              , text: 3.1 WIRING >
<x: 117.00066000000001    , y: 584.87766             , text:  >
<x: 207.002622            , y: 566.27754             , text: Junction boxes shall be rain and dust tight. >
<x: 161.9967              , y: 566.27754             , text: 3.1.1 3.1.2 Wiring shall be sized in accordance with NFPA-70. Wire shall be >
<x: 206.99274             , y: 516.2855999999999     , text: type THWN, MTW, FEP, RHH, THHN, XHHW, or approved equivalent, 600V with minimum size number 12 AWG. >
<x: 161.9967              , y: 485.0255399999999     , text:  3.1.3 Wiring shall be point to point without splices or tee connections and terminated with ring tongue compression connectors fabricated from seamless tube stock. >
<x: 162.00768             , y: 422.3736599999999     , text:  3.1.4 Wiring shall be bundled and supported using raceways or >
<x: 207.00372             , y: 391.1135999999999     , text: mechanically (not adhesive) mounted cable ties. >
<x: 162.00768             , y: 372.4475999999999     , text:  3.1.5 >
<x: 162.00768             , y: 271.8817799999999     , text:  3.1.6 >
<x: 162.00768             , y: 221.95571999999987    , text:  3.1.7 3.1.8 >
<x: 207.002622            , y: 353.7815999999999     , text: Rigid Metal Conduit, Intermediate Metal Conduit, or Liquid-tight Flexible Metal Conduit shall be provided for external wiring (not including flexible cable). Exposed ferrous conduit threads shall be painted or otherwise protected against future corrosion both before and after assembly. Wiring run in enclosed tank bracing is acceptable. >
<x: 207.00372             , y: 253.21577999999988    , text: Auxiliary equipment connected with plug in connectors shall be type SOW #16 AWG flexible cable with maximum 30” length. >
<x: 207.002622            , y: 203.28971999999987    , text: Terminal ends shall be clearly and permanently identified. >
<x: 207.013602            , y: 165.95771999999988    , text: Spark plug bushings are not acceptable for CT leads. >
<x: 108.00804             , y: 147.29171999999988    , text:  3.2 >
<x: 144.00816600000002    , y: 128.7577              , text: TERMINAL BLOCKS >
<x: 72.0                  , y: 78.4824               , text: Copyright © 2004 Southern Company All Rights Reserved SES-S-PTLP >
<x: 300.46601999999996    , y: 66.9594               , text:  17 >
<x: 476.04648             , y: 66.9594               , text: Revision 4 March 7, 2013 >
<x: 129.6                 , y: 722.0975999999999     , text:  >
<x: 129.61998000000003    , y: 434.3617199999996     , text:  >
<x: 108.02232000000002    , y: 415.7615999999996     , text: 3.3 >
<x: 107.99303999999998    , y: 315.23177999999996    , text:  3.4 >
<x: 162.0                 , y: 703.4376              , text: 3.2.1 >
<x: 162.0                 , y: 659.5175999999999     , text:  3.2.2 >
<x: 162.0                 , y: 609.5256599999998     , text:  3.2.3 >
<x: 162.01098000000002    , y: 559.5995999999997     , text:  3.2.4 >
<x: 162.02196000000004    , y: 484.3536599999996     , text:  3.2.5 >
<x: 206.99604             , y: 703.4376              , text: Terminal blocks for Purchaser's connections shall be States Company Type NT or Poweright Type 78S, front connected, sliding link type with white marker strips. >
<x: 206.99604             , y: 640.8515999999998     , text: For horizontally mounted terminal blocks, sliding links shall move down to open and up to close. >
<x: 207.00153             , y: 590.8596599999997     , text: For vertically mounted terminal blocks, sliding links shall move left to open and right to close. >
<x: 207.00592200000003    , y: 540.9335999999996     , text: Door mounting of terminal blocks is acceptable only to facilitate wiring of components located on door. Wiring crossing door hinges shall be terminated on terminal blocks located on cabinet side of hinge. >
<x: 207.01141200000004    , y: 465.6876599999996     , text: All CT wiring shall be wired to shorting type terminal blocks in the main control cabinet. >
<x: 144.02244600000003    , y: 415.7976              , text: DEVICE IDENTIFICATION >
<x: 161.99267999999998    , y: 384.47166             , text: Identify all controls, relays, power and auxiliary devices, etc., with designation plates adjacent to but not on the device which are clearly legible, etched or engraved on durable, non-corrosive material, permanently attached with mechanical fasteners (adhesive mounting not acceptable). Use the same identification as shown on the elementary diagram. >
<x: 143.99316599999997    , y: 296.5777              , text: GASKETS AND DETAILS >
<x: 162.007962            , y: 265.25176             , text: All gaskets shall be in machined grooves. >
<x: 161.99808             , y: 227.98564             , text: 3.4.1 3.4.2 >
<x: 161.99808             , y: 159.3277              , text:  3.4.3 >
<x: 206.993022            , y: 227.98564             , text: See Drawing PTLP-06 for sealed tank opening requirements. >
<x: 206.993022            , y: 190.65364             , text: See Scarf-splice gaskets per Drawing PTLP-06 for scarf splicing requirements. Butt splicing is not acceptable. >
<x: 206.987532            , y: 140.72758             , text: Gasket material shall be fabricated from synthetic rubber (Nitrile-Butadiene, Butyl-N, etc.) highly resistant to oils, aromatic fuels, and >
<x: 72.0                  , y: 78.4824               , text: Copyright © 2004 Southern Company All Rights Reserved SES-S-PTLP >
<x: 300.46601999999996    , y: 66.9594               , text:  18 >
<x: 476.04648             , y: 66.9594               , text: Revision 4 March 7, 2013 >
<x: 129.6                 , y: 722.0975999999999     , text:  >
<x: 162.00396             , y: 672.17754             , text:  3.4.4 >
<x: 162.00396             , y: 622.1855999999999     , text:  3.4.5 >
<x: 162.00396             , y: 559.5995999999998     , text:  3.4.6 >
<x: 162.00396             , y: 509.6076599999997     , text:  >
<x: 207.0                 , y: 703.4376              , text: solvents. Materials containing cork are not acceptable. For high temperature applications nitrile or viton gaskets shall be used. >
<x: 206.993412            , y: 653.51154             , text: Retain gaskets in rectangular grooves sized for approximately 1/3 compression. >
<x: 207.0                 , y: 603.5195999999999     , text: Gasket groove surfaces shall be properly cleaned and protected with two coats minimum rust inhibiting paint and sufficiently dried before gasket installation. >
<x: 207.0                 , y: 540.9335999999997     , text: "O-ring" gaskets greater than 6 in. in diameter require Purchaser’s approval. The proposal shall list all gaskets required. >
<x: 144.00444600000003    , y: 491.0377              , text: TANK AND FITTINGS >
<x: 108.00432             , y: 491.0075399999997     , text: 3.5 >
<x: 206.99081999999999    , y: 459.71175999999997    , text: Tank seams subject to leaking shall be welded with continuous bead inside and outside. There shall be no corner seams. >
<x: 206.984232            , y: 409.78569999999996    , text: Tank shall be braced for full vacuum. >
<x: 206.989722            , y: 372.45369999999997    , text: Cover shall be welded. >
<x: 206.99081999999999    , y: 335.1217              , text: Base shall be provided which will allow skidding perpendicular to center lines. >
<x: 206.99081999999999    , y: 285.19563999999997    , text: Lugs shall be provided for pulling transformer perpendicular to center lines. >
<x: 206.989722            , y: 235.20369999999997    , text: Lifting lugs capable of lifting the transformer completely assembled and oil filled shall be provided. >
<x: 206.973252            , y: 185.27763999999996    , text: Lugs shall be provided for lifting cover. >
<x: 206.99081999999999    , y: 147.94563999999997    , text: Jack bosses at four corners shall be provided which will accommodate 19” high by 9” diameter hydraulic jacks with minimum 4 in. X 4 in. bearing surface. >
<x: 161.99478             , y: 459.71175999999997    , text: 3.5.1 >
<x: 161.99478             , y: 428.38581999999997    , text:  3.5.2 3.5.3 3.5.4 >
<x: 161.99478             , y: 303.86163999999997    , text:  3.5.5 >
<x: 161.99478             , y: 253.86969999999997    , text:  3.5.6 >
<x: 161.99478             , y: 203.94363999999996    , text:  3.5.7 3.5.8 >
<x: 161.99478             , y: 104.02563999999998    , text:  >
<x: 72.0                  , y: 78.4824               , text: Copyright © 2004 Southern Company All Rights Reserved SES-S-PTLP >
<x: 300.46601999999996    , y: 66.9594               , text:  19 >
<x: 476.04648             , y: 66.9594               , text: Revision 4 March 7, 2013 >
<x: 129.6                 , y: 722.0975999999999     , text:  >
<x: 162.0                 , y: 703.4376              , text: 3.5.9 >
<x: 206.994942            , y: 703.4376              , text: All access covers located below the oil level shall be clearly identified in the approval drawings and are subject to purchaser approval. >
<x: 162.0                 , y: 659.5175999999999     , text:  3.5.10 Round access openings shall have a minimum 18 ½” diameter. >
<x: 206.99604             , y: 628.1916599999998     , text: Rectangular access openings shall be a minimum 15“ by 40”. >
<x: 162.0                 , y: 609.5256599999998     , text:  3.5.11 See drawing PTLP-07 for requirements for safety pole on cover and >
<x: 206.99604             , y: 578.2655999999997     , text: welded guard cleats. >
<x: 162.0                 , y: 559.5995999999997     , text:  3.5.12 Pressure relief device shall be mounted on a standpipe with a vent >
<x: 206.99604             , y: 528.2736599999996     , text: plug. The height of the standpipe shall be same as the top of the conservator tank. The minimum height is 6 inches. The standpipe prevents the conservator from emptying if the pressure relief device operates and does not re-seal. >
<x: 162.0                 , y: 471.6937199999996     , text:  3.5.13 Cover mounted enclosures for current transformer wiring and cover mounted flanges for isolated phase bus interface shall be provided with seep holes to avoid accumulated liquid. >
<x: 162.0                 , y: 409.1077199999996     , text:  3.5.14 Provide copper faced or stainless steel grounding pads 1” thick with >
<x: 206.99604             , y: 377.78177999999957    , text: two (2) ½”x13 threadx3/4” deep tapped holes on 1-3/4” centers as follows: >
<x: 162.0                 , y: 346.45583999999957    , text:  >
<x: 161.98901999999998    , y: 209.27171999999956    , text:  >
<x: 206.99604             , y: 327.85571999999956    , text: 1. One each welded on diagonally opposite sides of tank near >
<x: 224.99226             , y: 315.19577999999956    , text: base. >
<x: 206.99604             , y: 296.52977999999956    , text:  2. One per surge arrester, welded to tank near base of arrester. 3. One near base of the neutral bushing for neutral grounding if the >
<x: 224.99226             , y: 227.93771999999956    , text: transformer is a three-phase unit. >
<x: 143.989506            , y: 190.6777              , text: FASTENERS (BOLTS, STUDS, WASHERS) >
<x: 107.98937999999998    , y: 190.60571999999956    , text: 3.6 >
<x: 206.99681999999996    , y: 159.35175999999998    , text: Bolts, studs, and washers exposed to weather: non-magnetic stainless steel; with mild steel or silicone bronze nuts when used on cover access plates; lubricated before installation. >
<x: 162.00077999999996    , y: 159.35175999999998    , text: 3.6.1 >
<x: 162.00078             , y: 115.43175999999998    , text:  >
<x: 72.0                  , y: 78.4824               , text: Copyright © 2004 Southern Company All Rights Reserved SES-S-PTLP >
<x: 300.46601999999996    , y: 66.9594               , text:  20 >
<x: 476.04648             , y: 66.9594               , text: Revision 4 March 7, 2013 >
<x: 129.6                 , y: 722.0975999999999     , text:  >
<x: 108.00036             , y: 647.5054799999999     , text:  3.7 >
<x: 162.0                 , y: 703.4376              , text: 3.6.2 3.6.3 >
<x: 144.00048600000002    , y: 628.8577              , text: PAINTING >
<x: 161.99112000000002    , y: 597.53176             , text: 3.7.1 3.7.2 >
<x: 161.99112             , y: 516.27976             , text:  3.7.3 >
<x: 207.005922            , y: 703.4376              , text: Hand weld studs used to seal gasketed tank openings. >
<x: 207.005922            , y: 666.17148             , text: Plated bolts, nuts, and washers shall not be used inside the tank. >
<x: 206.98057200000002    , y: 597.53176             , text: Exterior color shall be ANSI-70 SKY GRAY. >
<x: 206.98057200000002    , y: 560.26564             , text: Paint system shall meet or exceed ANSI C57.12.28, 'Enclosure Coating System' or manufacturer paint system approved by the Southern Company. >
<x: 206.991552            , y: 497.61375999999996    , text: Interior of the tank shall be painted white. >
<x: 107.99148             , y: 479.01363999999995    , text:  3.8 >
<x: 107.98337999999997    , y: 335.13971999999995    , text:  3.9 >
<x: 143.991606            , y: 460.3776              , text: INTERNAL COMPONENTS >
<x: 161.99399999999997    , y: 429.05165999999997    , text: 3.8.1 >
<x: 161.99399999999997    , y: 385.13165999999995    , text:  3.8.2 >
<x: 206.98345199999997    , y: 429.05165999999997    , text: All electrical connections shall be made with a minimum of two bolts. Any exception to this requirement must be approved by the purchaser. >
<x: 206.99003999999996    , y: 366.46565999999996    , text: Lock washers are acceptable only if fully retained by cup washers or other Purchaser-approved method. >
<x: 143.98350599999998    , y: 316.4976              , text: INSULATING OIL >
<x: 161.99844             , y: 285.23753999999997    , text: 3.9.1 >
<x: 161.99844             , y: 253.91159999999996    , text:  3.9.2 >
<x: 161.99844             , y: 191.32559999999995    , text:  3.9.3 >
<x: 206.99447999999998    , y: 285.23753999999997    , text: All oil supplied with this transformer shall meet the requirements of ANSI/IEEE C57.106 and SES-S-OS01. >
<x: 206.99447999999998    , y: 235.24559999999997    , text: All oil used in the manufacture of this transformer including oil used for factory impregnation and testing shall also meet this requirement. >
<x: 206.99447999999998    , y: 172.65959999999995    , text: Certificates shall be supplied verifying that all factory oil used in this transformer meets these requirements. >
<x: 116.99141999999999    , y: 141.33365999999995    , text:  >
<x: 107.98781999999999    , y: 122.7577              , text: 3.10 SPECIAL PROVISIONS >
<x: 116.99784             , y: 110.09776             , text:  >
<x: 72.0                  , y: 78.4824               , text: Copyright © 2004 Southern Company All Rights Reserved SES-S-PTLP >
<x: 300.46601999999996    , y: 66.9594               , text:  21 >
<x: 476.04648             , y: 66.9594               , text: Revision 4 March 7, 2013 >
<x: 129.6                 , y: 722.0975999999999     , text:  >
<x: 157.5                 , y: 703.4376              , text: 3.10.1 Radiator cover plates minimum of ¼” steel plate shall be installed on >
<x: 206.99784             , y: 690.77766             , text: each radiator header. This cover plate shall be furnished with a 3/16” thick nitrile or coreprene gasket to seal the radiator. One plate on each radiator shall have a Schrader valve installed to facilitate pressurizing the radiator and checking the pressure upon receipt. The radiator shall be pressurized to 3 psi @ 25 deg C. The pressure valve and temperatures shall be documented and supplied as part of the shipping documentation. >
<x: 157.5                 , y: 596.28378             , text:  3.10.2 >
<x: 206.996742            , y: 577.6177799999999     , text: Bushing cover plates shall be furnished for all bushings removed for shipment. A spark plug type bushing shall be installed in each cover plate for FRA testing before shipment and upon receipt. The respective lead shall be securely connected to the spark plug bushing. The lead shall also be secured as necessary to prevent movement during shipment. >
<x: 157.5                 , y: 495.7179599999999     , text:  >
<x: 108.00216             , y: 477.0576              , text: 3.11 DRYING AND SIZING >
<x: 117.00228             , y: 464.39766             , text:  >
<x: 161.99832             , y: 445.79753999999997    , text: 3.11.1 Shell form windings shall be dried under compression. The windings must be compressed and clamped during core assembly so that the windings are under compression after the core is completed and the clamps are released. >
<x: 161.99832             , y: 389.15171999999995    , text:  3.11.2 The manufacturer is expected to dry, size, and compress the >
<x: 206.99436             , y: 357.89165999999994    , text: windings such that, after tanking, they are tight to the designed clamping pressure and remain tight during transport and while in service. The Southern Company will require the manufacturer to measure the clamping pressure on the core and coil assembly once it is tanked to ensure that it is equal to the final design clamping pressure. If the clamping pressure of the tanked core and coil assembly is more than 10% less than the applied pressure, the assembly must be repressed to full pressure. In lieu of measuring pressures and repressing once the core and coil assembly is tanked, the manufacturer can perform the hang test as follows: >
<x: 129.59634             , y: 225.3520799999999     , text:  >
<x: 207.3567              , y: 206.75195999999988    , text: 1. Suspend completed assembly 60 minutes. 2. Lower assembly to floor and re-measure pressure. 3. If 10% or more of the applied pressure is lost, re-pressed windings to full pressure and repeat steps 1 and 2 for 30 minutes hang time. >
<x: 72.0                  , y: 78.4824               , text: Copyright © 2004 Southern Company All Rights Reserved SES-S-PTLP >
<x: 300.46601999999996    , y: 66.9594               , text:  22 >
<x: 476.04648             , y: 66.9594               , text: Revision 4 March 7, 2013 >
<x: 129.6                 , y: 722.0975999999999     , text:  >
<x: 207.36                , y: 703.4376              , text:  4. This process may be repeated as necessary until less that 10% >
<x: 225.35622             , y: 672.1775399999999     , text: of applied pressure is lost. >
<x: 207.36                , y: 653.5115399999999     , text:  5. Once pressure loss is less than 10%, re-pressed assembly to >
<x: 225.35622             , y: 622.1855999999998     , text: full pressure and the tanking process may continue. >
<x: 207.36                , y: 603.5195999999997     , text:  >
<x: 162.00162             , y: 584.8535999999997     , text: 3.11.3 The maximum water content of the insulation at time of shipment >
<x: 206.99766             , y: 572.2595399999997     , text: and when received at the purchaser’s site shall not exceed 0.5%. If the insulation moisture content exceeds 0.5%, the manufacturer will be responsible for drying the insulation at the purchaser’s site. >
<x: 71.99856              , y: 528.2736599999996     , text:  4.0 >
<x: 107.960256            , y: 491.5455599999996     , text: TESTS AND SURVEILLANCE >
<x: 108.0                 , y: 452.57759999999996    , text: 4.1 >
<x: 144.00012600000002    , y: 452.57759999999996    , text: GENERAL >
<x: 162.0                 , y: 420.1176              , text: 4.1.1 >
<x: 206.99604             , y: 420.1176              , text: All tests shall be conducted in accordance with ANSI/IEEE standards and this specification. >
<x: 162.0                 , y: 394.79771999999997    , text:  4.1.2 When specified by the purchaser, the manufacturer will send >
<x: 206.99604             , y: 369.54371999999995    , text: preliminary tests results to the purchaser by fax, express mail or electronic mail for review. When such requests are made, the oil shall not be removed from the transformer in preparation for shipment until approved by the purchaser. >
<x: 162.0                 , y: 318.9039599999999     , text:  4.1.3 >
<x: 162.0                 , y: 268.3300799999999     , text:  4.1.4 >
<x: 162.0                 , y: 129.20249999999982    , text:  >
<x: 206.994942            , y: 306.3098999999999     , text: The purchaser reserves the right to reject the transformer or negotiate a price settlement if the impedances or losses exceed the ANSI/IEEE tolerances. >
<x: 206.99604             , y: 255.6701399999999     , text: If a transformer fails to pass any test or shows abnormal results, the purchaser’s technical contact shall be notified immediately. The cause for the failure to pass the tests and proposed corrective action shall be reviewed with the purchaser. The purchaser must approve such corrective actions. After corrective action has been completed, tests shall be made consistent with the modification. The purchaser must approve the test program. The repair and testing shall be documented in the Certified Test Report. If a failure occurs during dielectric tests, all dielectric tests shall be repeated after corrective action has been completed. >
<x: 206.99604             , y: 117.08057999999983    , text: NOTE: THERE WILL BE NO EXCEPTIONS TO THIS REQUIREMENT. >
<x: 72.0                  , y: 78.4824               , text: Copyright © 2004 Southern Company All Rights Reserved SES-S-PTLP >
<x: 300.46601999999996    , y: 66.9594               , text:  23 >
<x: 476.04648             , y: 66.9594               , text: Revision 4 March 7, 2013 >
<x: 72.0                  , y: 703.6800000000001     , text:  >
<x: 129.6                 , y: 722.0975999999999     , text:  >
<x: 108.0                 , y: 689.6376              , text: 4.2 >
<x: 144.00012600000002    , y: 689.6376              , text: TESTS BEFORE SHIPMENT >
<x: 162.0                 , y: 657.1776              , text: Perform the following tests in accordance with ANSI/IEEE C57 12.00 and C57 12.90 prior to shipment. The transformer must be completely assembled including the oil expansion tank for temperature tests. The expansion tank must be assembled for dielectric tests. Report all test results in the test report. 4.2.1 >
<x: 207.00702             , y: 568.6897799999999     , text: Resistance tests at all tap positions - Provide raw data of all winding resistance measurements (terminal to terminal measurements). >
<x: 162.01098000000002    , y: 543.3698999999999     , text:  4.2.2 4.2.3 4.2.4 >
<x: 162.01098000000002    , y: 454.81619999999987    , text:  4.2.5 >
<x: 162.01098000000002    , y: 416.90225999999984    , text:  4.2.6 >
<x: 129.60900000000004    , y: 238.3674599999997     , text:  >
<x: 129.60900000000004    , y: 213.0475799999997     , text:  >
<x: 129.609               , y: 162.47369999999967    , text:  >
<x: 129.59802000000002    , y: 111.12023999999968    , text:  >
<x: 207.01690200000002    , y: 530.7099599999999     , text: Turns ratio on all tap positions >
<x: 207.00043200000002    , y: 505.4559599999999     , text: Polarity and phase relation >
<x: 207.00043200000002    , y: 480.1360799999999     , text: No load losses and exciting current at rated frequency and at 90, 100, 105 and 110% rated voltages. >
<x: 207.00702             , y: 442.22213999999985    , text: Impedance (positive and zero sequence) and load losses at all tap positions. >
<x: 206.994942            , y: 404.24231999999984    , text: ANSI Temperature Tests >
<x: 207.01251000000002    , y: 379.52633999999983    , text: NOTE: Temperature tests must be made before dielectric tests. >
<x: 225.01422000000002    , y: 352.8888599999998     , text: • Temperature tests will be required on all transformers. The temperature tests can only be omitted for multiple order units with written acceptance by the Purchaser. >
<x: 225.01422000000002    , y: 314.97491999999977    , text:  • Temperature tests will be made at the highest load loss tap >
<x: 261.011052            , y: 251.02739999999972    , text:  >
<x: 243.01044000000002    , y: 288.94133999999974    , text: position and with an equivalent no load loss at 105% voltage. The tests will be made at the following rates: o o o >
<x: 288.00428400000004    , y: 225.7075199999997     , text: Maximum forced cooled >
<x: 288.015264            , y: 251.02739999999972    , text: Self cooled >
<x: 261.00556200000005    , y: 200.3876399999997     , text:  125% of maximum forced cooled (non-GSUs). The 125% test shall be performed in the same manner as the maximum forced cooled test. >
<x: 261.00556200000005    , y: 225.7075199999997     , text:  >
<x: 225.01422000000002    , y: 263.62145999999973    , text:  >
<x: 225.00324             , y: 149.03417999999968    , text: • Provide the following additional temperature data: o Measured bottom oil temperature for all ratings >
<x: 72.0                  , y: 78.4824               , text: Copyright © 2004 Southern Company All Rights Reserved SES-S-PTLP >
<x: 300.46601999999996    , y: 66.9594               , text:  24 >
<x: 476.04648             , y: 66.9594               , text: Revision 4 March 7, 2013 >
<x: 129.6                 , y: 722.0975999999999     , text:  >
<x: 129.59856000000002    , y: 690.77766             , text:  >
<x: 243.0                 , y: 706.52298             , text: o Calculated hot spot temperature rise for all ratings o Calculated values for loss of 10%, 25%, or 50% of >
<x: 260.99622             , y: 665.52366             , text: cooling >
<x: 224.9928              , y: 614.1701999999999     , text:  >
<x: 224.9928              , y: 652.86372             , text:  • Dissolved gas and moisture content analysis in oil. Obtain >
<x: 287.982864            , y: 576.2562599999999     , text: After each temperature test at the different ratings >
<x: 287.982864            , y: 601.5102599999999     , text: Before start of temperature tests >
<x: 242.98901999999998    , y: 626.8301399999999     , text: samples in syringes for gas in oil and water in oil tests: o o o >
<x: 260.984142            , y: 601.5102599999999     , text:  last temperature test defined per the following table: >
<x: 287.982864            , y: 513.0224399999998     , text: The maximum allowed increase in the gases is >
<x: 287.982864            , y: 550.9363799999999     , text: A minimum of 3 hours after the completion of the >
<x: 242.98901999999998    , y: 516.1078199999998     , text: o >
<x: 208.18241999999998    , y: 474.55949999999984    , text: GAS MAXIMUM ALLOWED INCREASE >
<x: 270.776178            , y: 461.3976              , text: Maximum Rating >
<x: 392.71896             , y: 461.3976              , text: 125% Load >
<x: 144.0                 , y: 461.3976              , text:  Acetylene C2H2 Methane CH4 Ethane C2H6 Ethylene C2H4 Hydrogen H2 Carbon Monoxide C0 Carbon Dioxide C02 >
<x: 287.64                , y: 448.25759999999997    , text: ND 2 2 1 10 15 150 Table 1 >
<x: 351.00558             , y: 343.56354             , text:  >
<x: 411.34104             , y: 448.25759999999997    , text: ND 4 4 1 20 25 250 >
<x: 162.00683999999998    , y: 330.9036              , text:  >
<x: 207.00287999999998    , y: 330.9036              , text: NOTE: If any gas exceeds the limits, the purchaser is to be notified before the transformer is drained. Acceptable test results must be received before draining. No further tests shall be performed until the matter is resolved with the Purchaser. >
<x: 261.00252             , y: 280.32971999999995    , text:  >
<x: 162.00684             , y: 267.66977999999995    , text: 4.2.7 Measured auxiliary (cooling) equipment loss tests 4.2.8 >
<x: 206.990802            , y: 242.34989999999993    , text: Over-excitation curve from 0% to 110% - Extrapolate the curve to 150%. >
<x: 162.00684             , y: 217.09589999999992    , text:  4.2.9 >
<x: 162.00684             , y: 166.4561399999999     , text:  4.2.10 >
<x: 207.00178200000002    , y: 204.4359599999999     , text: Insulation Power Factor, with Doble or Purchaser approved equivalent high voltage power factor test equipment; maximum allowable insulation power factor 0.50%, 20C. >
<x: 207.00288             , y: 153.79619999999989    , text: Insulation resistance, core to ground – Test after tanking and just prior to shipment. Include data for both tests with test report; note test voltage and oil temperature (if oil filled) at time of measurement; minimum resistance 1,000 Megaohms, 20C. >
<x: 72.0                  , y: 78.4824               , text: Copyright © 2004 Southern Company All Rights Reserved SES-S-PTLP >
<x: 300.46601999999996    , y: 66.9594               , text:  25 >
<x: 476.04648             , y: 66.9594               , text: Revision 4 March 7, 2013 >
<x: 129.6                 , y: 722.0975999999999     , text:  >
<x: 107.98937999999998    , y: 422.97545999999977    , text:  >
<x: 107.97839999999997    , y: 314.3283599999997     , text:  >
<x: 107.97839999999997    , y: 256.9798199999997     , text:  >
<x: 162.0                 , y: 703.4376              , text:  4.2.11 Energize open-circuit at 110% voltage on rated HV tap position for >
<x: 206.99604             , y: 678.1836              , text: six hours. >
<x: 197.99244             , y: 665.52366             , text:  >
<x: 242.98847999999998    , y: 639.4900799999999     , text:  >
<x: 224.99226             , y: 652.0841399999999     , text: • Part of the cooling may be in operation. >
<x: 224.99226             , y: 626.0505599999999     , text: • Measure exciting current and top oil at the beginning and the >
<x: 242.98847999999998    , y: 613.4564999999999     , text: end of the test. >
<x: 224.99226             , y: 587.3570399999999     , text: • No failure shall occur during the test. >
<x: 161.98901999999998    , y: 574.7629799999999     , text:  4.2.12 Obtain oil sample(s) using syringes before the beginning of >
<x: 206.98505999999998    , y: 549.4430999999998     , text: dielectric tests and after three hours minimum from completion of PD tests for dissolved gas and moisture content analysis. The CHANGE in any gas level shall not exceed the values listed in Table 1 above. >
<x: 161.98901999999998    , y: 486.2092799999998     , text: 4.2.13 Applied potential >
<x: 161.98901999999998    , y: 460.9552799999998     , text: 4.2.14 ANSI impulse including neutrals >
<x: 161.98901999999998    , y: 435.6353999999998     , text: 4.2.15 ANSI switching impulse >
<x: 206.98505999999998    , y: 473.5493399999998     , text:  >
<x: 206.98505999999998    , y: 448.2953399999998     , text:  >
<x: 206.98505999999998    , y: 391.71539999999976    , text:  >
<x: 161.98901999999998    , y: 404.3094599999998     , text: 4.2.16 Partial Discharge (PD) and Radio Influence Voltage (RIV) Tests >
<x: 224.98127999999997    , y: 378.27587999999974    , text: • Perform after all other electrical tests (except final core >
<x: 242.97749999999996    , y: 365.68181999999973    , text: ground test). >
<x: 224.98127999999997    , y: 339.5823599999997     , text: • Make both PD and RIV measurements at each “hold” period >
<x: 242.97749999999996    , y: 326.9882999999997     , text: and at five-minute intervals during the one hour test. >
<x: 224.98127999999997    , y: 294.8937599999997     , text: • All sudden increases in PD levels, other than momentary rises due to known external causes, will be recorded with respect to time, duration and level. >
<x: 224.98127999999997    , y: 237.60011999999966    , text: • The PD levels during the one hour test shall not exhibit any steady rising trend and there shall be no sudden, sustained increase in levels during the last twenty (20) minutes of the test. If the measurements indicate a rising trend or sudden increase, the test shall be extended until the trend or sudden increase levels off. >
<x: 224.98127999999997    , y: 148.26683999999963    , text: • Maximum allowable values: >
<x: 242.98847999999998    , y: 126.09821999999964    , text: o Enhancement Test: 200 micro volts >
<x: 260.9847              , y: 135.67277999999965    , text:  >
<x: 260.9847              , y: 110.41877999999964    , text:  >
<x: 72.0                  , y: 78.4824               , text: Copyright © 2004 Southern Company All Rights Reserved SES-S-PTLP >
<x: 300.46601999999996    , y: 66.9594               , text:  26 >
<x: 476.04648             , y: 66.9594               , text: Revision 4 March 7, 2013 >
<x: 108.0009              , y: 475.8112199999998     , text:  >
<x: 108.0009              , y: 444.4852799999998     , text:  4.3 >
<x: 85.50239999999997     , y: 368.58377999999993    , text:  >
<x: 129.6                 , y: 722.0975999999999     , text:  >
<x: 129.60029999999998    , y: 157.79937999999999    , text:  >
<x: 129.60029999999998    , y: 132.47949999999997    , text:  >
<x: 243.0                 , y: 706.52298             , text: o One Hour Test: 50 micro volts and 150 picocoulombs o Total increase during the one hour test: 50 >
<x: 260.99622             , y: 690.77766             , text:  >
<x: 243.0                 , y: 643.2891599999999     , text: o >
<x: 260.99512200000004    , y: 665.52366             , text: picocoulombs Increase during last twenty minutes of the test: 20 picocoulombs >
<x: 162.00054             , y: 602.2898399999999     , text: 4.2.17 Tank pressure and leakage test >
<x: 206.99658             , y: 589.6298999999999     , text:  >
<x: 162.00054             , y: 576.9699599999999     , text: 4.2.18 Test Current Transformers per ANSI C57.13 for applied potential >
<x: 206.99658             , y: 564.3100199999999     , text: and polarity/continuity. >
<x: 162.00054             , y: 539.0450399999999     , text: 4.2.19 FRA TESTING - For transformers shipped by rail, perform a FRA >
<x: 206.99658             , y: 526.3850999999999     , text: test with Phenix equipment prior to shipment. The transformer shall be in its shipping configuration. >
<x: 162.00054             , y: 488.40527999999983    , text: 4.2.20 Particle count test to be performed after completion of all tests. >
<x: 162.00054             , y: 457.1452199999998     , text: 4.2.21 Sound test (if required in detail specification) >
<x: 144.00102600000002    , y: 431.8253399999998     , text: ADDITIONAL TEST REPORT DATA >
<x: 162.00005999999996    , y: 406.49771999999996    , text: Include the following information with the test report, in addition to all items listed in Section 4.2; identify measured test data versus calculated values as applicable: >
<x: 162.00005999999996    , y: 355.9238399999999     , text: 4.3.1 >
<x: 162.0066              , y: 305.33772             , text:  4.3.2 >
<x: 162.00227999999998    , y: 267.35782             , text:  >
<x: 206.99500199999997    , y: 355.9238399999999     , text: Transformers not tested for temperature rise - If accepted, the manufacturer is to provide temperature rise test results of the exact duplicate design transformer with its serial number, test date, and voltage and KVA ratings. >
<x: 206.99831999999998    , y: 292.67778             , text: Results of all dissolved gas and moisture content analyses, identified chronologically. Sequence of testing is as follows: >
<x: 225.00552             , y: 253.9732              , text: • Before start of all tests • Before each temperature rise (if required) • After all temperature rise (if required) • Before dielectric • After dielectrics >
<x: 162.00227999999998    , y: 145.13943999999998    , text: 4.3.3 >
<x: 207.002712            , y: 145.13943999999998    , text: Results of all PCB analysis tests; analysis method identified. >
<x: 162.00227999999998    , y: 119.81955999999998    , text: 4.3.4 >
<x: 206.99831999999998    , y: 119.81955999999998    , text: Equivalent circuit for the transformer capacitance including bushing capacitance. The circuit should be for each phase (rather than >
<x: 72.0                  , y: 78.4824               , text: Copyright © 2004 Southern Company All Rights Reserved SES-S-PTLP >
<x: 300.46601999999996    , y: 66.9594               , text:  27 >
<x: 476.04648             , y: 66.9594               , text: Revision 4 March 7, 2013 >
<x: 129.6                 , y: 722.0975999999999     , text:  >
<x: 129.60198             , y: 589.6298999999999     , text:  >
<x: 108.0                 , y: 539.28                , text:  4.4 >
<x: 108.0                 , y: 257.2777              , text: 4.5 >
<x: 72.0009               , y: 652.86372             , text:  >
<x: 72.0009               , y: 614.8838999999999     , text:  >
<x: 71.99664000000001     , y: 166.86353999999997    , text:  >
<x: 207.0                 , y: 703.4376              , text: positive or zero sequence) and should represent the transformer as it will be connected in service. The circuit should include a node for each winding and should include the capacitance to ground of each winding and the capacitance between each pair of windings. >
<x: 162.00396             , y: 640.2037799999999     , text: 4.3.5 >
<x: 206.99890200000002    , y: 640.2037799999999     , text: Copy of nameplate drawing filled-in with serial number, weights and test impedance. >
<x: 162.00396             , y: 602.2898399999999     , text: 4.3.6 >
<x: 207.009882            , y: 602.2898399999999     , text: Volts per hertz curve >
<x: 162.00396             , y: 576.9699599999999     , text: 4.3.7 >
<x: 206.99890200000002    , y: 576.9699599999999     , text: Certification that transformer has completed and successfully passed all specified tests; document details of all test failures and resulting repairs or modifications made. >
<x: 144.00012600000002    , y: 525.2377              , text: SURVEILLANCE >
<x: 162.0                 , y: 498.7776              , text: 4.4.1 >
<x: 206.994942            , y: 498.7776              , text: Core and Coil Inspection - The purchaser reserves the right to inspect the core and coil assembly. The manufacturer is to notify the purchaser at least 10 days prior to tanking to be able to inspect the finished core and coil assembly and transformer tank. >
<x: 162.0                 , y: 448.20372             , text:  4.4.2 Witness Testing - The purchaser reserves the right to witness tests. >
<x: 206.99604             , y: 422.88383999999996    , text: The manufacturer is to notify the purchaser at least 10 business days prior to the start of tests to be able to witness tests. >
<x: 206.99604             , y: 384.90401999999995    , text: The Purchaser or its representative shall be provided free access to manufacturer's or sub manufacturer’s facilities for inspections/surveillance and to observe/witness tests. This access must be provided at no additional cost to Purchaser. These activities shall not change or delay the schedule. The Purchaser shall have access to all relevant procedures, checklists, records, etc. The Purchaser reserves the right to photograph the purchased equipment during times of inspection/surveillance. >
<x: 144.00012600000002    , y: 257.2777              , text: TESTS AFTER SHIPMENT >
<x: 206.967492            , y: 230.8177              , text: Southern Company may perform a low frequency (320 Hz) induced test on each transformer upon receipt at the installation site and prior to commissioning. The test procedure is per the following: >
<x: 225.00324             , y: 179.46424             , text: • 230-kV TRANSFORMERS >
<x: 232.19484000000006    , y: 153.72047999999995    , text: Voltage (kV) >
<x: 325.03074000000004    , y: 153.72047999999995    , text: Test Time >
<x: 335.45076000000006    , y: 141.06053999999995    , text: (min.) >
<x: 412.00332000000003    , y: 153.72047999999995    , text: Pumps (if furnished) >
<x: 162.0                 , y: 397.56395999999995    , text:  4.4.3 >
<x: 162.0                 , y: 283.7562599999999     , text:  >
<x: 162.0                 , y: 244.8601              , text:  4.5.1 >
<x: 162.0                 , y: 192.90375999999998    , text:  >
<x: 150.41580000000002    , y: 153.72047999999998    , text: Percent of Maximum Operating Voltage >
<x: 72.0                  , y: 78.4824               , text: Copyright © 2004 Southern Company All Rights Reserved SES-S-PTLP >
<x: 300.46601999999996    , y: 66.9594               , text:  28 >
<x: 476.04648             , y: 66.9594               , text: Revision 4 March 7, 2013 >
<x: 72.00377999999998     , y: 650.88364             , text:  >
<x: 71.99664000000001     , y: 624.84354             , text:  >
<x: 72.00377999999998     , y: 508.50354             , text:  >
<x: 72.0                  , y: 437.4615              , text: 5.0 >
<x: 72.0                  , y: 316.86                , text:  >
<x: 129.6                 , y: 722.0975999999999     , text:  >
<x: 137.4                 , y: 702.9576              , text: 150 125 150 >
<x: 149.58132             , y: 611.64558             , text: Percent of Maximum Operating Voltage >
<x: 136.32                , y: 560.5776              , text: 150 125 150 >
<x: 162.00683999999995    , y: 495.8436              , text: 4.5.2 >
<x: 162.0                 , y: 470.76                , text:  >
<x: 224.375874            , y: 702.9576              , text: 363 302 363 >
<x: 287.64                , y: 702.9576              , text: 4 55 1 Table 2 >
<x: 398.36166000000003    , y: 702.9576              , text: Off Off Off >
<x: 224.99909999999997    , y: 637.44412             , text: • 500-kV TRANSFORMERS >
<x: 231.95328000000003    , y: 611.65656             , text: Voltage (kV) >
<x: 325.32720000000006    , y: 611.65656             , text: Test Time >
<x: 335.69232000000005    , y: 599.0625              , text: (min.) >
<x: 412.85976000000005    , y: 611.65656             , text: Pumps (if furnished) >
<x: 223.83608999999998    , y: 560.5776              , text: 788 656 788 >
<x: 287.64                , y: 560.5776              , text: 4 55 1 Table 3 >
<x: 398.9067              , y: 560.5776              , text: Off Off Off >
<x: 206.99629199999995    , y: 495.8436              , text: The manufacturer may be present to witness the field tests. Any special requirements must be submitted with the proposal. >
<x: 108.042948            , y: 437.4615              , text: DOCUMENT SUBMITTAL >
<x: 117.0                 , y: 398.4576              , text: Documents for all equipment including accessories shall be equipment specific; not “typical”. All documents shall be identified with the purchaser’s name, purchase order number, equipment number, and destination/substation or plant name. All dimensions and weights shall be given in English units (volume in gallons) with metric units (volume in liters) in parenthesis. All drawings shall be provided in both .dwg and .pdf formats. All other documents shall be provided in .pdf format. >
<x: 144.00012600000002    , y: 296.8177              , text: APPROVAL DOCUMENTS DELIVERED TO ENGINEERING OFFICE >
<x: 161.99999999999997    , y: 264.3577              , text: Manufacturer shall furnish one (1) set of each drawing for approval and electronic files. Approval documentation shall include outline drawings, assembly drawings, CT and excitation curves, nameplate drawing, schematic diagrams, wiring connection drawings, and spare parts list. >
<x: 108.0                 , y: 296.8177              , text: 5.1 >
<x: 117.00395999999998    , y: 207.71187999999998    , text:  >
<x: 206.99603999999997    , y: 189.11175999999998    , text: Outline Drawings >
<x: 161.99999999999997    , y: 189.11175999999998    , text: 5.1.1 >
<x: 225.00323999999998    , y: 151.01116             , text: • Assembled and shipping dimensions >
<x: 207.00701999999995    , y: 132.41103999999999    , text:  >
<x: 225.00323999999995    , y: 112.97644             , text: • Weights, volumes, etc including radiators and conservator. >
<x: 72.0                  , y: 78.4824               , text: Copyright © 2004 Southern Company All Rights Reserved SES-S-PTLP >
<x: 300.46601999999996    , y: 66.9594               , text:  29 >
<x: 476.04648             , y: 66.9594               , text: Revision 4 March 7, 2013 >
<x: 129.6                 , y: 722.0975999999999     , text:  >
<x: 207.0                 , y: 703.4376              , text:  >
<x: 206.98901999999998    , y: 640.14888             , text:  >
<x: 206.98901999999998    , y: 602.11416             , text:  >
<x: 224.99622             , y: 684.0029999999999     , text: • Valves, relays, air cell, and other external devices clearly >
<x: 242.99244             , y: 671.4089399999999     , text: identified as to use and purpose with catalog part numbers including third part OEM. >
<x: 224.98523999999998    , y: 620.7142799999999     , text: • Bushings with ratings and catalog numbers. >
<x: 224.98523999999998    , y: 582.6795599999999     , text: • Shipping and assembled unit center of gravity shall be >
<x: 242.98145999999997    , y: 570.0854999999999     , text: shown including explanation of abbreviations C.G. (S) and C. G. (A). >
<x: 206.97694199999998    , y: 538.7595599999999     , text:  Current Transformer Drawings >
<x: 161.98199999999997    , y: 520.0935599999999     , text: 5.1.2 >
<x: 225.0                 , y: 480.8376              , text: • Polarity markings, >
<x: 225.0                 , y: 442.80288             , text: • Thermal rating factor, >
<x: 225.0                 , y: 404.76816             , text: • Mechanical/thermal short-time ratings, >
<x: 225.0                 , y: 366.73344000000003    , text: • Resistance of secondary winding, >
<x: 225.0                 , y: 328.69872000000004    , text: • Secondary excitation curves, >
<x: 225.0                 , y: 290.66400000000004    , text: • Ratio correction factors, >
<x: 225.0                 , y: 252.62928000000005    , text: • Phase angle curves. >
<x: 207.00378             , y: 462.23748             , text:  >
<x: 207.00378             , y: 424.20276             , text:  >
<x: 207.00378             , y: 386.16804             , text:  >
<x: 207.00378             , y: 348.13332             , text:  >
<x: 207.00378             , y: 310.09860000000003    , text:  >
<x: 207.00378             , y: 272.06388000000004    , text:  >
<x: 207.0                 , y: 234.24                , text:  >
<x: 162.0                 , y: 214.44                , text:  >
<x: 144.00012600000002    , y: 194.3977              , text: FINAL DOCUMENTS DELIVERED TO ENGINEERING OFFICE >
<x: 162.0                 , y: 161.99759999999998    , text: Manufacturer shall deliver electronic and hard copies of all final documentation to the responsible engineering department identified in the detail specification and purchase order. Include all the documents identified in 5.1 (Approval Documents) plus the following additional documentation: >
<x: 108.0                 , y: 194.3977              , text: 5.2 >
<x: 117.00396             , y: 105.35177999999998    , text:  >
<x: 72.0                  , y: 78.4824               , text: Copyright © 2004 Southern Company All Rights Reserved SES-S-PTLP >
<x: 300.46601999999996    , y: 66.9594               , text:  30 >
<x: 476.04648             , y: 66.9594               , text: Revision 4 March 7, 2013 >
<x: 207.00043200000002    , y: 703.4376              , text: Core ground connection diagram, showing dimensioned location. >
<x: 207.011412            , y: 664.9777              , text: Bushing drawings, showing stud dimensions. >
<x: 206.99604             , y: 627.71158             , text: Instruction book including information on all devices furnished and information on storage and handling, installation, operation, maintenance, and all setting files for items such as the electronic temperature monitor. >
<x: 207.00153             , y: 552.46564             , text: Test report. >
<x: 206.99604             , y: 515.13364             , text: Photographs of core and coil assembly showing full views of top and sides prior to tanking and of top after tanking but without cover. >
<x: 206.99604             , y: 465.20757999999995    , text: Spare parts list that identifies original manufacturer and original manufacturer’s part number. >
<x: 162.0                 , y: 703.4376              , text: 5.2.1 5.2.2 5.2.3 >
<x: 162.0                 , y: 571.06576             , text:  5.2.4 5.2.5 >
<x: 162.0                 , y: 483.80769999999995    , text:  5.2.6 >
<x: 162.0                 , y: 434.16                , text:  >
<x: 144.00012600000002    , y: 414.1176              , text: DOCUMENTATION DELIVERED WITH EQUIPMENT >
<x: 162.0                 , y: 381.6576              , text: Two (2) complete sets of documentation as described in 5.1 and 5.2 shall be supplied in the control cabinet of the transformer when it is delivered. >
<x: 129.6                 , y: 722.0975999999999     , text:  >
<x: 108.0                 , y: 414.1176              , text: 5.3 >
<x: 117.0                 , y: 350.64                , text:  >
<x: 72.0                  , y: 311.34159999999997    , text: 6.0 >
<x: 72.00503999999998     , y: 190.43769999999998    , text:  >
<x: 107.963892            , y: 311.34159999999997    , text: BIDDER’S PROPOSAL >
<x: 117.0                 , y: 272.3376              , text: Proposal shall be in strict conformance with these specifications. Any alternates (not exceptions) to the proposed equipment shall be clearly designated as alternates and shall be completely described, defined, and priced. Failure to supply required documentation listed below will cause the bid to be rejected. The Purchaser has the right to reject any proposal that takes any exception to the requirements herein. Proposal shall include: >
<x: 117.00107999999997    , y: 171.77169999999998    , text: 6.1 >
<x: 117.00107999999997    , y: 140.44575999999998    , text:  6.2 >
<x: 161.99602199999998    , y: 171.77169999999998    , text: Pricing and other requested information per the Detail Specification or Letter of Inquiry. >
<x: 161.99272799999997    , y: 121.84563999999999    , text: Technical information supplied per attached APPENDIX A for each item or type of transformer. >
<x: 72.0                  , y: 78.4824               , text: Copyright © 2004 Southern Company All Rights Reserved SES-S-PTLP >
<x: 300.46601999999996    , y: 66.9594               , text:  31 >
<x: 476.04648             , y: 66.9594               , text: Revision 4 March 7, 2013 >
<x: 129.6                 , y: 722.0975999999999     , text:  >
<x: 117.0                 , y: 703.4376              , text:  6.3 6.4 6.5 6.6 >
<x: 117.0                 , y: 540.4535399999999     , text:  6.7 >
<x: 117.0                 , y: 465.20759999999984    , text:  6.8 >
<x: 117.0                 , y: 402.55571999999984    , text:  6.9 >
<x: 117.0                 , y: 327.3097799999998     , text:  >
<x: 161.994942            , y: 684.7715999999999     , text: Outline drawings including dimensions and weights (+/- 10%). >
<x: 162.00153             , y: 646.3776              , text: List of recommended spare parts (including lists of gaskets) and pricing. >
<x: 161.991648            , y: 609.0455999999999     , text: Any exceptions to the specifications must be clearly identified in the proposal. >
<x: 161.99604             , y: 571.7135999999998     , text: All required information will be supplied on the attached forms. Filling in information on the form with reference to other documents is not acceptable. >
<x: 161.991648            , y: 521.7875399999999     , text: Manufacturer must clearly identify in the proposal if the transformer requires special handling or transportation means (such as Schnabel car). The use of a Schnabel car or other special transport means is not acceptable unless specifically approved by the purchaser. >
<x: 161.99604             , y: 446.54159999999985    , text: The manufacturer shall indicate the location of the internal tap changer and external mechanism in the proposal. The manufacturer and ratings of the DETC shall be provided in the proposal. >
<x: 161.994942            , y: 383.95559999999983    , text: If internal metal oxide is to be used in a proposed design, it must be clearly noted in the bidder’s proposal. The use of internal metal oxide arresters in the winding design is strongly discouraged and will be considered in the evaluation of proposals. >
<x: 108.00738000000001    , y: 290.58167999999984    , text: EQUIPMENT IDENTIFICATION >
<x: 117.0                 , y: 271.6801              , text:  Nameplates/designation plates shall be stainless steel or brass and permanently mechanically attached with non-corrosive screws, nuts and bolts or rivets (adhesive attachment not acceptable). >
<x: 72.0                  , y: 290.58167999999984    , text: 7.0 >
<x: 72.00396              , y: 207.65182             , text:  >
<x: 161.994942            , y: 189.05169999999998    , text: Nameplate shall be mounted adjacent to HV tap changer operating handle per ANSI C57.12.00. Nameplate shall include type and percent inhibitor in oil, current transformer ratios, description and location of internal metal oxide if allowed and used, and vacuum ratings of tank and conservator >
<x: 117.0                 , y: 189.05169999999998    , text: 7.1 >
<x: 117.0                 , y: 132.40587999999997    , text:  >
<x: 72.0                  , y: 78.4824               , text: Copyright © 2004 Southern Company All Rights Reserved SES-S-PTLP >
<x: 300.46601999999996    , y: 66.9594               , text:  32 >
<x: 476.04648             , y: 66.9594               , text: Revision 4 March 7, 2013 >
<x: 117.0                 , y: 722.0975999999999     , text:  7.2 >
<x: 117.0                 , y: 657.4200000000001     , text:  7.3 >
<x: 117.0                 , y: 601.26                , text:  >
<x: 117.00396             , y: 550.1256599999999     , text:  >
<x: 161.991648            , y: 703.4376              , text: Equipment number nameplate shall be provided on the main nameplate or a separate plate adjacent to the main nameplate. A six (6) digit equipment number will be provided in the detail specification and purchase order. >
<x: 161.98396200000002    , y: 637.3776              , text: PCB Content >
<x: 162.0                 , y: 600.1176              , text: The following statement shall be provided on the main nameplate or a separate plate adjacent to the main nameplate: >
<x: 162.0                 , y: 550.1256599999999     , text: "At time of shipment, this transformer contained less than 2ppm PCB's (polychlorinated biphenyls) per ASTM Method D4059." >
<x: 117.00396             , y: 500.1995999999999     , text: 7.4 >
<x: 161.99890200000002    , y: 500.1995999999999     , text: Center of Gravity >
<x: 84.59801999999999     , y: 618.7774800000001     , text:  >
<x: 84.60198              , y: 568.79166             , text:  >
<x: 84.60198              , y: 518.8656              , text:  >
<x: 84.60198              , y: 481.5335999999999     , text:  >
<x: 162.0                 , y: 462.8675999999999     , text: Two adjacent segments shall be marked with weld beads labeled C.G. (S) for center of gravity for shipping unit and C.G. (A) for center of gravity for assembled unit. >
<x: 117.00396             , y: 462.8675999999999     , text:  >
<x: 117.0                 , y: 418.9475999999999     , text:  >
<x: 72.0                  , y: 381.0615              , text: 8.0 >
<x: 107.969382            , y: 381.0615              , text: SHIPPING AND DELIVERY REQUIREMENTS/ INSPECTION >
<x: 117.0                 , y: 362.1                 , text:  8.1 >
<x: 117.00000000000003    , y: 310.79753999999997    , text:  8.2 >
<x: 117.00000000000003    , y: 248.14565999999996    , text:  8.3 >
<x: 117.00000000000003    , y: 172.89971999999995    , text:  8.4 >
<x: 117.00000000000003    , y: 110.31371999999995    , text:  >
<x: 161.991648            , y: 342.0576              , text: Impact Recorders: Include two (2) electronic three-axis impact recorders with all shipments. >
<x: 161.99604000000002    , y: 292.13154             , text: Transformer manufacturer’s and carrier’s representatives shall be present when the Purchaser opens and inspects impact recorders and the transformers. >
<x: 161.99604000000002    , y: 229.54553999999996    , text: If the impact recorders indicate rough handling or possible damage, the manufacturer shall make a thorough and detailed inspection of the transformer at no cost to the Purchaser. A written report on the findings of the inspection including recommendations shall be given to the Purchaser. >
<x: 161.98835400000004    , y: 154.23371999999995    , text: A FRA test using Phenix equipment shall be made in the shipping condition. The results of the FRA will be reviewed before transfer of ownership to the purchaser. >
<x: 72.0                  , y: 78.4824               , text: Copyright © 2004 Southern Company All Rights Reserved SES-S-PTLP >
<x: 300.46601999999996    , y: 66.9594               , text:  33 >
<x: 476.04648             , y: 66.9594               , text: Revision 4 March 7, 2013 >
<x: 117.0                 , y: 722.0975999999999     , text:  8.5 >
<x: 117.0                 , y: 672.17754             , text:  8.6 8.7 >
<x: 117.0                 , y: 558.47766             , text:  >
<x: 161.994942            , y: 703.4376              , text: An inspection (internal and external) by the purchaser will be performed before transfer of ownership. >
<x: 161.99823600000002    , y: 653.51154             , text: All rail and ocean shipments shall have GPS tracking capability. >
<x: 161.98835400000002    , y: 615.0576              , text: Transformers shall be shipped dry air filled with maximum -60F dew point, 0.5% impurities by volume, and 0.03% moisture by weight. At time of shipment record and post the ambient temperature, dew point of air in transformer, and tank pressure. >
<x: 72.0                  , y: 78.4824               , text: Copyright © 2004 Southern Company All Rights Reserved SES-S-PTLP >
<x: 300.46601999999996    , y: 66.9594               , text:  34 >
<x: 476.04648             , y: 66.9594               , text: Revision 4 March 7, 2013 >
<x: 100.8                 , y: 758.0975999999999     , text:  >
<x: 43.2                  , y: 738.2976              , text:  >
<x: 106.8                 , y: 722.7624              , text:  STANDARD RATINGS AND IMPEDANCES >
<x: 61.20900000000001     , y: 670.81872             , text: TEMPERATURE RISE: 65°C average winding rise or as stated in the Detail Specification or Letter of Inquiry COOLING CLASS: See Detail Specification or Letter of Inquiry MVA RATINGS: See the Detail Specification or Letter of Inquiry IMPEDANCE: See the Detail Specification or Letter of Inquiry >
<x: 106.8                 , y: 549.40638             , text:  >
<x: 106.82003999999998    , y: 219.52110000000008    , text:  >
<x: 213.0621              , y: 478.9389              , text: WINDING VOLTAGES AND CONNECTIONS >
<x: 314.70498             , y: 461.66442             , text:  >
<x: 204.66534             , y: 444.50016             , text: See the Detail Specification or Letter of Inquiry >
<x: 314.715               , y: 427.16555999999997    , text:  >
<x: 61.2                  , y: 197.0425              , text: RATINGS, STANDARD >
<x: 354.53549999999996    , y: 197.0425              , text: DWG. NO. PTLP-01 >
<x: 492.23033999999996    , y: 197.0425              , text: SHEET 1 OF 1 >
<x: 100.8                 , y: 106.2577              , text:  >
<x: 244.801602            , y: 106.2577              , text:  >
<x: 248.58                , y: 124.32239999999999    , text: THE SOUTHERN COMPANY >
<x: 43.2                  , y: 72.4824               , text: Copyright © 2004 Southern Company All Rights Reserved SES-S-PTLP >
<x: 501.24426000000005    , y: 60.9594               , text: Revision 4 March 7, 2013 >
<x: 100.8                 , y: 758.0975999999999     , text:  >
<x: 299.6850000000001     , y: 557.4778200000002     , text:  >
<x: 299.68500000000006    , y: 582.4977600000002     , text:  >
<x: 299.69502000000006    , y: 607.5277200000002     , text:  >
<x: 299.69502000000006    , y: 632.4975600000001     , text:  >
<x: 299.69502             , y: 657.5275200000001     , text:  >
<x: 299.70504             , y: 682.55748             , text:  >
<x: 191.66940000000014    , y: 532.5180000000001     , text:  >
<x: 121.17168600000014    , y: 532.5180000000001     , text:  >
<x: 191.67942000000008    , y: 607.5277200000002     , text:  >
<x: 121.18170600000008    , y: 607.5277200000002     , text:  >
<x: 191.68944000000002    , y: 682.55748             , text:  >
<x: 121.19172600000002    , y: 682.55748             , text:  >
<x: 320.02254000000005    , y: 713.2113              , text: (A)>
<x: 141.17160600000008    , y: 620.0126400000001     , text: 25 >
<x: 223.20634800000008    , y: 620.0126400000001     , text: 150 >
<x: 223.17528600000014    , y: 545.0029200000001     , text: 550 >
<x: 138.34195800000012    , y: 545.0029200000001     , text: 115 >
<x: 136.981242            , y: 695.0424              , text: 13.2 >
<x: 460.66632000000004    , y: 695.0424              , text: ABB >
<x: 460.68636000000004    , y: 594.9826800000002     , text: ABB >
<x: 460.6863600000001     , y: 620.0126400000001     , text: ABB >
<x: 460.69638             , y: 670.0124400000001     , text: ABB >
<x: 460.6863600000001     , y: 570.0228600000002     , text: ABB >
<x: 460.69638000000003    , y: 645.0426000000001     , text: ABB >
<x: 315.5867400000001     , y: 594.9826800000002     , text: 2000 >
<x: 315.59676             , y: 670.0124400000001     , text: 2000 >
<x: 452.94090000000006    , y: 607.5277200000002     , text: PCORE >
<x: 452.94090000000006    , y: 632.4975600000001     , text: PCORE >
<x: 452.95092             , y: 682.55748             , text: PCORE >
<x: 452.93088000000006    , y: 582.4977600000002     , text: PCORE >
<x: 452.9409              , y: 657.5275200000001     , text: PCORE >
<x: 305.861328            , y: 695.0424              , text: 400/1200 >
<x: 305.8763580000001     , y: 620.0126400000001     , text: 400/1200 >
<x: 305.84429400000016    , y: 545.0029200000001     , text: 800/1600 >
<x: 303.8833800000001     , y: 570.0228600000002     , text: 3000 & up >
<x: 303.89340000000004    , y: 645.0426000000001     , text: 3000 & up >
<x: 302.2871400000001     , y: 724.49382             , text: AMPERES >
<x: 439.24050000000005    , y: 724.49382             , text: BUSHINGS >
<x: 223.10308800000007    , y: 724.49382             , text: BIL (kV) 110 >
<x: 127.62852000000007    , y: 724.49382             , text: VOLTAGE (kV, L-L) >
<x: 412.2                 , y: 713.2224              , text: APPROVED SOURCE>
<x: 106.72986000000031    , y: 735.77634             , text: NOMINAL SYSTEM Notes: 1. Proposed bushings are subject to Purchaser approval. Draw lead bushings will be considered. 2. ABB design must have one piece brass core extension for slip joint design, complete with rain shields. 3. No Trench bushings. >
<x: 305.8242540000002     , y: 445.00332000000026    , text: 800/1600 >
<x: 305.84730000000013    , y: 469.97316000000023    , text: 800/1600 >
<x: 452.9308800000001     , y: 557.4778200000002     , text: PCORE >
<x: 452.9308800000001     , y: 532.5180000000001     , text: PCORE >
<x: 452.9208600000001     , y: 507.4880400000002     , text: PCORE >
<x: 452.9208600000001     , y: 482.4580800000002     , text: PCORE >
<x: 452.9108400000002     , y: 457.48824000000025    , text: PCORE >
<x: 452.9108400000002     , y: 432.4582800000003     , text: PCORE >
<x: 452.90082000000024    , y: 407.4884400000003     , text: PCORE >
<x: 452.8908000000003     , y: 382.45848000000035    , text: PCORE >
<x: 452.8908000000003     , y: 357.4285200000004     , text: PCORE >
<x: 452.88078000000036    , y: 332.4586800000004     , text: PCORE >
<x: 315.52862400000015    , y: 495.0031200000002     , text: 1200 >
<x: 223.14121800000032    , y: 369.97356000000036    , text: 1550 >
<x: 315.5125920000003     , y: 369.97356000000036    , text: 2000 >
<x: 315.57672000000014    , y: 519.9729600000002     , text: 3000 >
<x: 315.5566800000002     , y: 419.9733600000003     , text: 2000 >
<x: 315.54666000000026    , y: 394.94340000000034    , text: 3000 >
<x: 315.5366400000003     , y: 344.9436000000004     , text: 3000 >
<x: 460.6563000000001     , y: 495.0031200000002     , text: ABB >
<x: 460.6262400000003     , y: 369.97356000000036    , text: ABB >
<x: 460.6663200000001     , y: 545.0029200000001     , text: ABB >
<x: 460.64628000000016    , y: 445.00332000000026    , text: ABB >
<x: 460.6763400000001     , y: 519.9729600000002     , text: ABB >
<x: 460.66632000000016    , y: 469.97316000000023    , text: ABB >
<x: 460.6563000000002     , y: 419.9733600000003     , text: ABB >
<x: 460.6462800000003     , y: 394.94340000000034    , text: ABB >
<x: 460.63626000000033    , y: 344.9436000000004     , text: ABB >
<x: 138.33193800000012    , y: 495.0031200000002     , text: 161 >
<x: 223.12218000000013    , y: 495.0031200000002     , text: 750 >
<x: 138.3018780000003     , y: 369.97356000000036    , text: 500 >
<x: 138.32191800000018    , y: 445.00332000000026    , text: 230 >
<x: 223.1552460000002     , y: 445.00332000000026    , text: 900 >
<x: 121.14162600000031    , y: 432.4582800000003     , text:  >
<x: 191.63934000000032    , y: 432.4582800000003     , text:  >
<x: 121.1616660000002     , y: 482.4580800000002     , text:  >
<x: 191.6593800000002     , y: 482.4580800000002     , text:  >
<x: 121.13160600000037    , y: 357.4285200000004     , text:  >
<x: 191.62932000000038    , y: 357.4285200000004     , text:  >
<x: 299.6850000000001     , y: 532.5180000000001     , text:  >
<x: 299.6749800000001     , y: 507.4880400000002     , text:  >
<x: 299.6749800000001     , y: 482.4580800000002     , text:  >
<x: 299.6649600000002     , y: 457.48824000000025    , text:  >
<x: 299.6649600000002     , y: 432.4582800000003     , text:  >
<x: 299.65494000000024    , y: 407.4884400000003     , text:  >
<x: 299.6449200000003     , y: 382.45848000000035    , text:  >
<x: 299.6449200000003     , y: 357.4285200000004     , text:  >
<x: 299.63490000000036    , y: 332.4586800000004     , text:  >
<x: 49.134900000000314    , y: 263.4409200000004     , text:  4. Any special bushing installation tools shall be furnished. >
<x: 74.69400000000002     , y: 248.83509999999998    , text:  Primary Line Bushings - Terminals: Blade type Secondary and Neutral Bushings - Stud: threaded, copper alloy and terminals Terminal connector: NEMA Standard CC 1-1984 4-hole stud to flat, Copper alloy, Anderson Electric Type HDSF or Purchaser approved equal. >
<x: 277.98                , y: 190.5                 , text: THE SOUTHERN COMPANY >
<x: 79.2                  , y: 172.38                , text: BUSHINGS, STANDARD LARGE POWER TRANSFORMERS >
<x: 319.437               , y: 172.38                , text: DWG. NO. PTLP-02 >
<x: 472.914               , y: 172.38                , text: SHEET 1 OF 3 >
<x: 43.2                  , y: 136.3177              , text:  >
<x: 187.20068400000002    , y: 130.6156              , text:  >
<x: 43.2                  , y: 72.4824               , text: Copyright © 2004 Southern Company All Rights Reserved SES-S-PTLP >
<x: 501.24426000000005    , y: 60.9594               , text: Revision 4 March 7, 2013 >
<x: 100.8                 , y: 758.0975999999999     , text:  >
<x: 43.2                  , y: 735.77634             , text: NOMINAL SYSTEM Line Bushings >
<x: 121.62654000000006    , y: 725.04492             , text: VOLTAGE (kV, L-L) >
<x: 130.97982             , y: 681.1386600000001     , text: 13.2 >
<x: 205.1939519999999     , y: 669.61566             , text:  >
<x: 217.08708000000007    , y: 725.04492             , text: BIL (kV) >
<x: 217.20192             , y: 681.1386600000001     , text: 110 >
<x: 217.16183999999987    , y: 656.51952             , text: 150 550 750 825 900 >
<x: 296.2851600000001     , y: 725.04492             , text: AMPERES >
<x: 314.04060000000004    , y: 713.7624000000001     , text: (A) >
<x: 433.20846000000006    , y: 724.49382             , text: BUSHINGS >
<x: 406.2                 , y: 713.2224              , text: APPROVED SOURCE.>
<x: 274.85699999999997    , y: 681.1386600000001     , text: 400/1200/2000/3000 400/1200/2000/3000 >
<x: 304.1955599999999     , y: 669.06456             , text:  >
<x: 284.55736199999984    , y: 631.5496800000001     , text: 1600/2000/3000 >
<x: 320.70851999999985    , y: 644.0346000000001     , text:  >
<x: 320.70851999999985    , y: 619.0046400000001     , text:  >
<x: 320.7085199999998     , y: 594.0348000000001     , text:  >
<x: 320.7085199999999     , y: 569.0048400000002     , text:  >
<x: 297.03125999999986    , y: 606.5197200000001     , text: 1200/1600 >
<x: 309.5963399999999     , y: 581.4897600000002     , text: 1200 >
<x: 429.7160999999999     , y: 680.58756             , text: ABB or PCORE >
<x: 429.74615999999986    , y: 656.51952             , text: ABB or PCORE >
<x: 429.6760199999999     , y: 631.5496800000001     , text: ABB or PCORE >
<x: 429.6860399999998     , y: 606.5197200000001     , text: ABB or PCORE >
<x: 475.20890399999985    , y: 619.0046400000001     , text:  >
<x: 429.6960599999999     , y: 581.4897600000002     , text: ABB or PCORE >
<x: 464.7059399999998     , y: 644.0346000000001     , text:  >
<x: 464.7059399999998     , y: 619.0046400000001     , text:  >
<x: 464.7059399999998     , y: 594.0348000000001     , text:  >
<x: 464.70593999999994    , y: 569.0048400000002     , text:  >
<x: 284.567382            , y: 556.5299400000001     , text: 1600/2000/3000 >
<x: 429.68604             , y: 556.5299400000001     , text: ABB or PCORE >
<x: 217.19189999999998    , y: 531.4999800000002     , text: 1550 >
<x: 284.54634             , y: 531.4999800000002     , text: 2000/3000/4000 >
<x: 429.67602             , y: 531.4999800000002     , text: ABB or PCORE >
<x: 115.19631599999992    , y: 669.61566             , text:  >
<x: 128.2213139999999     , y: 656.51952             , text: 26.18 >
<x: 140.70122399999988    , y: 619.0046400000001     , text:  >
<x: 140.70122399999988    , y: 644.0346000000001     , text:  >
<x: 132.35857199999987    , y: 631.5496800000001     , text: 115 >
<x: 100.79957999999982    , y: 656.51952             , text:  161 >
<x: 132.35857199999987    , y: 581.4897600000002     , text: 230 >
<x: 132.35857199999998    , y: 531.4999800000002     , text: 500 >
<x: 140.70122399999994    , y: 569.0048400000002     , text:  >
<x: 140.70122399999983    , y: 594.0348000000001     , text:  >
<x: 61.18589999999999     , y: 503.1135              , text: Stud: threaded, copper alloy Terminal connector: NEMA Standard CC 1-1984 4-hole stud to flat, Copper alloy, Anderson Electric Type HDSF or Purchaser approved equal. >
<x: 43.19459999999992     , y: 669.61566             , text:  >
<x: 43.18997999999999     , y: 520.1976              , text:  >
<x: 235.38                , y: 176.6376              , text: THE SOUTHERN COMPANY >
<x: 73.44                 , y: 156.42239999999998    , text: BUSHINGS, STANDARD LARGE POWER TRANSFORMERS >
<x: 306.3                 , y: 156.2425              , text: DWG. NO. PTLP-02 >
<x: 100.8                 , y: 124.13770000000001    , text:  >
<x: 244.801602            , y: 124.13770000000001    , text:  >
<x: 471.0                 , y: 156.2425              , text: SHEET 2 OF 3 >
<x: 43.2                  , y: 72.4824               , text: Copyright © 2004 Southern Company All Rights Reserved SES-S-PTLP >
<x: 501.24426000000005    , y: 60.9594               , text: Revision 4 March 7, 2013 >
<x: 200.70438000000007    , y: 738.5919599999999     , text:  >
<x: 191.5160400000001     , y: 727.0689599999998     , text: BIL (kV) >
<x: 100.8                 , y: 758.0975999999999     , text:  >
<x: 49.74306000000007     , y: 735.5959799999999     , text: NOMINAL SYSTEM >
<x: 70.86522000000008     , y: 724.0729799999999     , text: VOLTAGE (kV, L-L) >
<x: 43.198020000000014    , y: 697.3224              , text:  Tertiary Bushings * 25kV unit preferred Manufacturer to propose Neutral Bushing >
<x: 156.6                 , y: 700.3224              , text:  >
<x: 272.9986800000001     , y: 727.0589399999998     , text: AMPERES >
<x: 297.4174200000001     , y: 738.5819399999998     , text:  >
<x: 290.7541200000001     , y: 715.5359399999998     , text: (A) >
<x: 350.0925600000001     , y: 738.5719199999997     , text:  BUSHINGS APPROVED SOURCE/CATALOG NO. >
<x: 88.92                 , y: 622.8624              , text: 25 >
<x: 192.34644             , y: 622.8624              , text: 150 >
<x: 264.03954             , y: 622.8624              , text: 400/1200/2000 >
<x: 297.41616             , y: 608.3434199999999     , text:  >
<x: 350.10132             , y: 622.8623999999999     , text: ABB or PCORE >
<x: 100.8                 , y: 543.7825              , text: Notes: 1. Proposed bushings are subject to purchaser approval. Draw lead bushings will be considered. 2. ABB design must have one piece brass core extension for slip joint design complete with rain >
<x: 115.19874000000004    , y: 500.83678000000003    , text: shields. >
<x: 100.80000000000004    , y: 486.37792             , text: 3. No Trench bushings. 4. Any special bushing installation tools shall be furnished. >
<x: 100.80000000000004    , y: 447.7909              , text:  >
<x: 100.80000000000004    , y: 424.33408000000003    , text:  >
<x: 100.80000000000004    , y: 400.81714000000005    , text:  >
<x: 100.80000000000004    , y: 377.3002000000001     , text:  >
<x: 333.00348             , y: 353.8433800000001     , text:  >
<x: 61.2                  , y: 330.0135              , text: Stud: threaded, copper alloy Terminal connector: NEMA Standard CC 1-1984 4-hole stud to flat, Copper alloy, Anderson Electric Type HDSF or Purchaser approved equal. >
<x: 43.2                  , y: 193.0824              , text: BUSHINGS, STANDARD LARGE POWER TRANSFORMERS >
<x: 43.2                  , y: 161.8776              , text:  >
<x: 187.20068400000002    , y: 156.11574             , text:  >
<x: 238.08                , y: 213.36239999999998    , text: THE SOUTHERN COMPANY >
<x: 313.1388              , y: 193.0824              , text: DWG. NO. PTLP-02 >
<x: 476.03394000000003    , y: 193.0824              , text: SHEET 3 OF 3 >
<x: 43.2                  , y: 72.4824               , text: Copyright © 2004 Southern Company All Rights Reserved SES-S-PTLP >
<x: 501.24426000000005    , y: 60.9594               , text: Revision 4 March 7, 2013 >
<x: 100.8                 , y: 758.0975999999999     , text:  >
<x: 59.29212000000011     , y: 735.5959799999999     , text: TRANSFORMER RATED VOLTAGE >
<x: 92.10762000000011     , y: 712.5499799999999     , text: (kV) 115 >
<x: 101.22                , y: 656.3425              , text:  >
<x: 101.22                , y: 632.8224              , text:  >
<x: 101.22                , y: 580.3224              , text:  >
<x: 101.22                , y: 522.3624              , text:  >
<x: 92.88                 , y: 498.8424              , text: 161 >
<x: 101.22                , y: 475.3224              , text:  >
<x: 101.22                , y: 451.8624              , text:  >
<x: 101.22                , y: 428.3424              , text:  >
<x: 101.22                , y: 375.8424              , text:  >
<x: 92.88                 , y: 352.3824              , text: 230 >
<x: 101.22                , y: 328.8624              , text:  >
<x: 101.22                , y: 305.3425              , text:  >
<x: 92.88                 , y: 229.3824              , text: 500 >
<x: 101.21664             , y: 211.86744             , text:  >
<x: 43.2                  , y: 252.8425              , text:  >
<x: 312.18690000000015    , y: 735.5759399999998     , text:  >
<x: 297.18696000000017    , y: 724.0529399999998     , text: MCOV (kV) >
<x: 306.57654             , y: 697.3224              , text:  76 >
<x: 363.58032000000003    , y: 735.5659199999998     , text:  SURGE ARRESTERS, STATION CLASS APPROVED SOURCE ABB >
<x: 440.09304000000003    , y: 697.3224              , text:  >
<x: 198.73044000000013    , y: 735.5859599999999     , text: DUTY CYCLE >
<x: 206.28552000000013    , y: 712.5399599999998     , text: (kV) >
<x: 209.87452199999998    , y: 679.8624              , text: 96 >
<x: 215.41293             , y: 656.3425              , text:  >
<x: 215.40090600000002    , y: 632.8224              , text:  >
<x: 215.40291             , y: 580.3224              , text:  >
<x: 312.18107999999995    , y: 656.3425              , text:  >
<x: 312.18107999999995    , y: 632.8224              , text:  >
<x: 312.18107999999995    , y: 580.3224              , text:  >
<x: 312.18107999999995    , y: 522.3624              , text:  >
<x: 207.06291             , y: 498.8424              , text: 144 >
<x: 303.81102             , y: 498.8424              , text: 115 >
<x: 215.41293             , y: 475.3224              , text:  >
<x: 215.3979              , y: 428.3424              , text:  >
<x: 207.06291             , y: 352.3824              , text: 180 >
<x: 215.41293             , y: 328.8624              , text:  >
<x: 215.3979              , y: 305.3425              , text:  >
<x: 312.18107999999995    , y: 475.3224              , text:  >
<x: 312.18107999999995    , y: 451.8624              , text:  >
<x: 312.18108             , y: 428.3424              , text:  >
<x: 312.18107999999995    , y: 375.8424              , text:  >
<x: 303.81102             , y: 352.3824              , text: 144 >
<x: 312.18107999999995    , y: 328.8624              , text:  >
<x: 312.18108             , y: 305.3425              , text:  >
<x: 312.1869              , y: 252.8425              , text:  >
<x: 363.60371999999995    , y: 656.3425              , text: CPS >
<x: 363.59369999999996    , y: 632.8224              , text: Hubbell /Ohio Brass Siemens >
<x: 363.59369999999996    , y: 580.3224              , text: Polymer acceptable 115kV and lower >
<x: 363.60371999999995    , y: 522.3624              , text:  >
<x: 363.56028             , y: 498.8424              , text: ABB >
<x: 363.60371999999995    , y: 475.3224              , text: CPS >
<x: 363.60371999999995    , y: 451.8624              , text:  >
<x: 363.5937              , y: 428.3424              , text: Hubbell / Ohio Brass Siemens >
<x: 363.60371999999995    , y: 375.8424              , text:  >
<x: 363.56028             , y: 352.3824              , text: ABB >
<x: 363.60371999999995    , y: 328.8624              , text: CPS >
<x: 363.5937              , y: 305.3425              , text: Hubbell / Ohio Brass Siemens >
<x: 363.60954             , y: 252.8425              , text:  >
<x: 440.09639999999996    , y: 656.3425              , text:  >
<x: 440.09639999999996    , y: 632.8224              , text:  >
<x: 440.09639999999996    , y: 580.31238             , text:  >
<x: 440.10641999999996    , y: 522.3624              , text:  >
<x: 440.08302             , y: 498.8424              , text:  >
<x: 440.09639999999996    , y: 475.3224              , text:  >
<x: 440.10641999999996    , y: 451.8624              , text:  >
<x: 440.0964              , y: 428.3424              , text:  >
<x: 440.10641999999996    , y: 375.8424              , text:  >
<x: 440.08302             , y: 352.3824              , text:  >
<x: 440.09639999999996    , y: 328.8624              , text:  >
<x: 440.0964              , y: 305.34250000000003    , text:  >
<x: 440.11224             , y: 252.8425              , text:  >
<x: 207.05790000000002    , y: 229.3824              , text: 396 >
<x: 303.82104000000004    , y: 229.3824              , text: 318 >
<x: 363.56028000000003    , y: 229.3824              , text: Furnished by Purchaser >
<x: 235.38                , y: 187.6225              , text: THE SOUTHERN COMPANY >
<x: 219.54                , y: 169.86239999999998    , text: LARGE POWER TRANSFORMERS >
<x: 43.2                  , y: 147.5424              , text: SURGE ARRESTERS, STANDARD >
<x: 309.79212             , y: 147.5424              , text: DWG. NO. PTLP-03 >
<x: 472.19628             , y: 147.5424              , text: SHEET 1 OF 1 >
<x: 43.2                  , y: 117.54239999999999    , text:  >
<x: 43.2                  , y: 72.4824               , text: Copyright © 2004 Southern Company All Rights Reserved SES-S-PTLP >
<x: 501.24426000000005    , y: 60.9594               , text: Revision 4 March 7, 2013 >
<x: 100.8                 , y: 758.0975999999999     , text:  >
<x: 276.17502             , y: 727.0689600000001     , text: RELAYING >
<x: 187.19742000000002    , y: 704.08308             , text: Bushing Type; standard 5-tap with distributed windings; 2.0 Thermal Rating Factor for all windings; C800 Relaying Accuracy. >
<x: 74.69286000000002     , y: 704.08308             , text: GENERAL: HV BUSHINGS: LV BUSHINGS: NEUTRAL BUSHINGS: See the Detail Specification or Letter of Inquiry. >
<x: 187.20343200000002    , y: 670.1252999999999     , text: See the Detail Specification or Letter of Inquiry. >
<x: 187.21245000000008    , y: 647.0792999999999     , text: See the Detail Specification or Letter of Inquiry. >
<x: 74.7                  , y: 601.6776              , text:  TERTIARY: transformer is a three-phase unit. >
<x: 187.2                 , y: 601.1535              , text: See the Detail Specification or Letter of Inquiry - One in one phase, if the >
<x: 138.66054             , y: 531.1224              , text: LINE BUSHING AND BURIED TERTIARY CURRENT TRANSFORMERS >
<x: 74.70690000000008     , y: 508.62749999999994    , text: See the Detail Specification or Letter of Inquiry. >
<x: 275.11692             , y: 450.6024              , text: METERING >
<x: 74.70461999999998     , y: 427.61652             , text: General: Single ratio, accuracy of 0.3 with burden B1.8. HV BUSHINGS: See the Detail Specification or Letter of Inquiry. LV BUSHINGS: See the Detail Specification or Letter of Inquiry. >
<x: 74.71464000000009     , y: 347.0757599999999     , text: Note: Hot spot current transformer ratio shall be shown on the nameplate. >
<x: 43.200000000000045    , y: 738.5919600000001     , text:  >
<x: 43.20000000000002     , y: 715.54596             , text:  >
<x: 43.200000000000045    , y: 612.0794399999997     , text:  >
<x: 43.2                  , y: 565.6224              , text:  >
<x: 43.20402000000007     , y: 519.5994              , text:  >
<x: 43.21404000000001     , y: 496.61351999999994    , text:  >
<x: 43.20173999999997     , y: 439.07939999999996    , text:  >
<x: 43.21176000000008     , y: 370.12175999999994    , text:  >
<x: 43.21176000000008     , y: 335.6128799999999     , text:  >
<x: 235.38                , y: 243.6624              , text: THE SOUTHERN COMPANY >
<x: 43.2                  , y: 224.4025              , text:  BUSHING CURRENT TRANSFORMERS, STANDARD LARGE POWER TRANSFORMERS >
<x: 100.8                 , y: 184.3177              , text:  >
<x: 244.801602            , y: 165.6517              , text:  >
<x: 309.78209999999996    , y: 224.39248             , text: DWG. NO. PTLP-04 >
<x: 472.2564              , y: 224.39248             , text: SHEET 1 OF 1 >
<x: 43.2                  , y: 72.4824               , text: Copyright © 2004 Southern Company All Rights Reserved SES-S-PTLP >
<x: 501.24426000000005    , y: 60.9594               , text: Revision 4 March 7, 2013 >
<x: 100.8                 , y: 758.0975999999999     , text:  >
<x: 43.200000000000045    , y: 739.0829400000001     , text: GENERAL Non-clouding lens on all gauges. Shield or guard on all capillary tubing APPLICATION OR DESCRIPTION >
<x: 43.2                  , y: 675.6024              , text:  Upper fill, lower drain, & conservator drain without sampling device. >
<x: 43.2                  , y: 614.1024              , text: Conservator Shut-Off & Rapid-Pressure-Rise Relay Shut-Off >
<x: 43.2                  , y: 574.8624              , text:  P-V bleeder with gauge >
<x: 43.2                  , y: 535.5600000000001     , text:  Oil level gauge with two SPDT switches for low level alarm >
<x: 276.6021              , y: 703.8135              , text: TYPE OR MAKE >
<x: 294.66192             , y: 676.09338             , text: VALVES >
<x: 264.60192             , y: 660.05238             , text: 2” Globe >
<x: 264.60192             , y: 614.1024              , text: 2” Ball >
<x: 292.97856             , y: 575.35338             , text: GAUGES >
<x: 264.54179999999997    , y: 559.3224              , text: Qualitrol >
<x: 264.59999999999997    , y: 535.5600000000001     , text:  Qualitrol / Messko >
<x: 483.495834            , y: 591.1165199999999     , text:  >
<x: 473.596074            , y: 614.1024              , text:  >
<x: 473.586054            , y: 660.05238             , text:  >
<x: 375.4632              , y: 703.8135              , text: APPROVED SOURCES/CATALOG NO. OR SPECIFICATION Marsh United Milwaukee Marsh United Milwaukee 70-35F (-5 to +5 gauge) 070-35C CS-35005 (-15 to +15 gauge) 032 Series / MTO-ST160 with Option 1 for positive pressure and 042 Series / MTO-ST160 with Option 2 or 3 for conservator oil preservation system. Magnetic dial type; 6"diameter; with HIGH, LOW, and 25C levels marked; low level alarmed by two SPDT switches set to alarm at low and low- low levels – 15 deg mechanical difference between low and low-low One for each oil pump >
<x: 43.2                  , y: 402.17999999999995    , text:  Oil flow indicator with alarm switches >
<x: 43.2                  , y: 352.8024              , text: Oil temperature >
<x: 264.59999999999997    , y: 402.17999999999995    , text:  >
<x: 230.94                , y: 368.8335              , text: TEMPERATURE INDICATORS >
<x: 327.77801999999997    , y: 352.8024              , text: Dial type; maximum temperature drag hand with manual reset; gauges mounted about 5' above transformer base; with switches for controlling cooling >
<x: 43.2                  , y: 306.8425              , text: Electronic Temperature Monitor (See Detail Specification) >
<x: 43.2                  , y: 263.5824              , text: Pressure Relief Device >
<x: 252.9                 , y: 279.6136              , text: RELAYS & DEVICES Qualitrol / Messko >
<x: 43.2                  , y: 194.5824              , text: Rapid-Pressure-Rise Relay >
<x: 264.62196             , y: 194.5824              , text: Qualitrol >
<x: 43.2                  , y: 160.0824              , text: Gas Collector Relay >
<x: 264.5919              , y: 160.0824              , text:  >
<x: 378.7197              , y: 263.5824              , text: Semaphore visible from ground and switch; not mounted on access cover, mounted diagonally opposite and far away as practical from upper oil fill valve. 900-010-02, without seal-in relay, reset switches, & associated circuitry Manufacturer to propose >
<x: 43.2                  , y: 119.58239999999999    , text:  ACCESSORIES, STANDARD LARGE POWER TRANSFORMERS >
<x: 100.8                 , y: 91.9777               , text:  >
<x: 43.2                  , y: 72.4824               , text: Copyright © 2004 Southern Company All Rights Reserved SES-S-PTLP >
<x: 235.38                , y: 139.86239999999998    , text: THE SOUTHERN COMPANY >
<x: 336.8361              , y: 119.58239999999999    , text: DWG. NO. PTLP-05 >
<x: 481.13411999999994    , y: 119.58239999999999    , text: SHEET 1 OF 1 >
<x: 501.24426000000005    , y: 60.9594               , text: Revision 4 March 7, 2013 >
<x: 100.8                 , y: 758.0975999999999     , text:  >
<x: 43.2                  , y: 133.9824              , text: GASKETING METHODS LARGE POWER TRANSFORMERS >
<x: 43.2                  , y: 72.4824               , text: Copyright © 2004 Southern Company All Rights Reserved SES-S-PTLP >
<x: 301.49556000000007    , y: 181.98095999999998    , text:  >
<x: 235.38                , y: 154.2625              , text: THE SOUTHERN COMPANY >
<x: 301.25507999999996    , y: 133.9824              , text: DRAWING NO. >
<x: 315.95441999999997    , y: 122.4594              , text: PTLP-06 >
<x: 472.01591999999994    , y: 133.9824              , text: SHEET 1 OF 2 >
<x: 548.99958             , y: 191.27952             , text:  >
<x: 501.24426000000005    , y: 60.9594               , text: Revision 4 March 7, 2013 >
<x: 100.8                 , y: 758.0975999999999     , text:  >
<x: 43.2                  , y: 265.80240000000003    , text: NOTES: 1. Methods 1, 2 & 3 suitable for use on all cover openings including manholes and bushings, >
<x: 70.2039               , y: 231.29352             , text: Method 4 suitable for all tank wall opening. >
<x: 43.2                  , y: 219.77052             , text:  2. Sufficient space to keep water from being siphoned into joint. 3. Area of gasket to be equal or less than area of groove. 4. Gasket shall be cemented in exact center of groove to prevent possibility of gasket pinching. 5. Gasket groove shall be machined in face of the flange. >
<x: 43.2                  , y: 137.2825              , text:  GASKETING METHODS LARGE POWER TRANSFORMERS >
<x: 43.2                  , y: 72.4824               , text: Copyright © 2004 Southern Company All Rights Reserved SES-S-PTLP >
<x: 238.08                , y: 157.5624              , text: THE SOUTHERN COMPANY >
<x: 309.36125999999996    , y: 137.2825              , text: DRAWING NO. >
<x: 324.06059999999997    , y: 125.81962             , text: PTLP-06 >
<x: 478.3185              , y: 137.2825              , text: SHEET 2 OF 2 >
<x: 501.24426000000005    , y: 60.9594               , text: Revision 4 March 7, 2013 >
<x: 100.8                 , y: 758.0975999999999     , text:  >
<x: 43.2                  , y: 115.68249999999999    , text:  CLEATS, GUARDRAIL LARGE POWER TRANSFORMERS Copyright © 2004 Southern Company All Rights Reserved SES-S-PTLP >
<x: 235.38                , y: 135.9625              , text: THE SOUTHERN COMPANY >
<x: 297.41742             , y: 115.68249999999999    , text: DWG. NO. PTLP-07 >
<x: 462.11616000000004    , y: 115.68249999999999    , text: SHEET 1 OF 1 >
<x: 501.24426000000005    , y: 60.9594               , text: Revision 4 March 7, 2013 >
<x: 468.4287600000001     , y: 738.461699999999      , text:  >
<x: 283.9204800000001     , y: 739.0528799999997     , text:  >
<x: 232.56798000000012    , y: 405.4870799999991     , text: TRANSFORMER OIL REQUIREMENT - SEE >
<x: 214.45182000000014    , y: 382.5011999999991     , text: SOUTHERN COMPANY OIL SPECIFICATION SES-S-OS01 >
<x: 233.89062000000013    , y: 359.455199999999      , text: __________________ >
<x: 100.8                 , y: 758.0975999999999     , text:  >
<x: 119.22174000000007    , y: 739.0829400000001     , text:  >
<x: 43.2                  , y: 209.64239999999998    , text:  >
<x: 206.09514000000001    , y: 209.65241999999998    , text:  >
<x: 43.2                  , y: 114.60239999999999    , text: INSULATING OIL, STANDARD LARGE POWER TRANSFORMERS >
<x: 290.28317999999996    , y: 114.60239999999999    , text: DWG. NO. PTLP-08 >
<x: 461.76545999999996    , y: 114.60239999999999    , text: SHEET 1 OF 1 >
<x: 237.6                 , y: 134.8824              , text: THE SOUTHERN COMPANY >
<x: 43.2                  , y: 72.4824               , text: Copyright © 2004 Southern Company All Rights Reserved SES-S-PTLP >
<x: 501.24426000000005    , y: 60.9594               , text: Revision 4 March 7, 2013 >
<x: 72.0                  , y: 750.8976              , text:  >
<x: 286.8                 , y: 738.7815              , text: APPENDIX A >
<x: 320.4012              , y: 725.58354             , text:  >
<x: 230.88126             , y: 713.5275              , text: LARGE POWER TRANSFORMERS >
<x: 271.80258000000003    , y: 700.86156             , text: TECHNICAL DATA >
<x: 72.0                  , y: 687.3000000000001     , text:  INQUIRY NO:_____________________________________________________ DATED: ____/____/____ MANUFACTURER PROPOSAL NO:___________________________________DATED: ____/____/____ MANUFACTURER NAME:_______________________________________________________ ITEM NO: __________ RATING: HV/LV _________/________/________ MVA,______/______/______, ______C RISE TERTIARY _________/________/________ MVA,______/______/______,______C RISE (Continuous) HV/CONN: _____________V/______________; HV FULL LOAD AMPS AT TOP RATING: ___________ LV/CONN: ______________V/_____________; LV FULL LOAD AMPS AT TOP RATING: ___________ TERTIARY/CONN: _____________V/______________; ______________ PHASE: _____________HZ >
<x: 298.5020999999999     , y: 567.00394             , text: (ONAN/ONAF/ONAF,etc.) >
<x: 298.42194             , y: 535.9820199999999     , text: (ONAN/ONAF/ONAF,etc.) >
<x: 399.73416             , y: 598.02586             , text: QTY: __________ >
<x: 238.43219999999997    , y: 457.9863399999999     , text: GUARANTEED LOSSES/CURRENT >
<x: 152.96420400000008    , y: 418.98456             , text: 20C, @ 105% RATED VOLTAGE (INFO. ONLY) 20C, @ 110% RATED VOLTAGE (INFO. ONLY) 85C, SELF-COOLED (AUTO) / MAXIMUM (GSU) >
<x: 94.48147200000008     , y: 438.48348             , text: NO LOAD: 20C, @ RATED VOLTAGE LOAD: AUXILIARY (COOLING) (@MAX MVA): 85C EXCITING CURRENT @ RATED VOLTAGE: __________ % @ _________MVA (ONAN) >
<x: 423.00120000000004    , y: 438.48348             , text: _________________KW _________________KW _________________KW _________________KW _________________KW >
<x: 271.59900000000005    , y: 301.99104             , text: IMPEDANCES (R+jX) >
<x: 99.001896             , y: 282.48358             , text:  H-L H-T L-T >
<x: 181.49550000000005    , y: 282.48358             , text: POSITIVE SEQUENCE ________________% ________________% ________________% >
<x: 310.99102799999986    , y: 282.4825              , text: ZERO SEQUENCE ________________% ________________% ________________% >
<x: 440.1033              , y: 282.4825              , text: ONAN BASE MVA ______________ ______________ ______________ >
<x: 98.999892             , y: 185.04802000000004    , text: CAPACITANCE PER PHASE (pf): >
<x: 71.98056000000008     , y: 438.48348             , text:  >
<x: 71.99694000000005     , y: 282.48358             , text:  >
<x: 71.99999999999994     , y: 80.82239999999999     , text: Copyright © 2004 Southern Company All Rights Reserved SES-S-PTLP >
<x: 306.0                 , y: 57.9576               , text: A-1 >
<x: 498.54018             , y: 69.29939999999999     , text: Revision 4 March 7, 2013 >
<x: 71.99880000000002     , y: 750.8976              , text:  INQUIRY NO: ____________MANUFACTURER PROPOSAL NO: _____________ITEM NO: ____________ >
<x: 234.00342             , y: 617.16672             , text:  >
<x: 332.99794199999997    , y: 586.14348             , text: TERTIARY _______/_______ >
<x: 121.49922600000009    , y: 527.64348             , text: HV LV TERTIARY NEUTRAL >
<x: 185.64890400000002    , y: 695.1624              , text: _______________KV _______________KV _______________KV _______________KV >
<x: 456.0059039999998     , y: 547.1424              , text: CATALOG NO. ______________ ______________ ______________ ______________ >
<x: 335.1927599999999     , y: 547.1424              , text: MANUFACTURER _________________ _________________ _________________ _________________ >
<x: 314.76462000000004    , y: 695.1624              , text: HV TAPS: ________________ V ________________ V ________________ V ________________ V >
<x: 337.45992             , y: 675.66348             , text:  ________________ WINDING TYPE/COND. >
<x: 71.99597999999997     , y: 714.6653399999999     , text:  BIL: HV LV TERTIARY NEUT END MATERIAL (disc, etc./cu or Al) :HV _______/_______; LV ________/_________ TAP WINDING CONFIGURATION __________________________________________________________ PROPOSED BUSHINGS: AMPERE RATING ________________ ________________ ________________ ________________ PROPOSED CURRENT TRANSFORMERS: Ratio Manufacturer/ PROPOSED SURGE ARRESTERS: APPROXIMATE WEIGHTS: ___________ LBS TOTAL SHIPPING (DRY) ___________ LBS OIL __________ GALS___________ LBS ___________ LBS Paper Insulation AUDIBLE SOUND LEVEL: OIL PUMP MOTORS: QTY. ______ , ______ PHASE _________ VOLTS FAN MOTORS: QTY. ______ , ______ PHASE _________ VOLTS >
<x: 337.5171              , y: 319.1454              , text: __________________ __________________ APPROXIMATE DIMENSIONS, OVERALL: >
<x: 463.241034            , y: 263.6425              , text: _______INCHES _______INCHES _______INCHES _______INCHES _______INCHES _______INCHES >
<x: 251.88927             , y: 430.14348             , text: _____________ _____________ _____________ _____________ >
<x: 296.3980140000002     , y: 263.6455              , text: SHIPPING INSTALLED >
<x: 461.6088719999998     , y: 430.14348             , text: ____________ ____________ ____________ ____________ >
<x: 349.1273579999999     , y: 430.14348             , text: ____________ ____________ ____________ ____________ >
<x: 395.955732            , y: 263.6425              , text: HEIGHT LENGTH WIDTH HEIGHT LENGTH WIDTH >
<x: 121.50702600000001    , y: 430.14348             , text: HV LV TERTIARY NEUTRAL Duty >
<x: 107.99707200000003    , y: 152.6455              , text: A-Weighted Average: ONAN ______ dB(A), MAX______dB(A) >
<x: 261.2631200000001     , y: 319.1454              , text: ________ ________ >
<x: 355.7507180000001     , y: 319.1454              , text: ________ ________ >
<x: 459.601938            , y: 337.6824              , text: Catalog No. >
<x: 361.981314            , y: 449.6424              , text: Accuracy >
<x: 474.721998            , y: 449.6424              , text: Total No. >
<x: 121.50716600000005    , y: 319.1454              , text: HV LV >
<x: 363.001656            , y: 337.6824              , text: MCOV >
<x: 271.033026            , y: 337.6824              , text: Cycle >
<x: 71.99999999999994     , y: 80.82239999999999     , text: Copyright © 2004 Southern Company All Rights Reserved SES-S-PTLP >
<x: 306.0                 , y: 57.9576               , text: A-2 >
<x: 498.54018             , y: 69.29939999999999     , text: Revision 4 March 7, 2013 >
<x: 71.99880000000002     , y: 750.8976              , text:  INQUIRY NO: ____________MANUFACTURER PROPOSAL NO: _____________ITEM NO: ____________ >
<x: 301.48156200000005    , y: 657.9711599999999     , text: ____ PHASE; >
<x: 314.96748             , y: 694.98504             , text:  _____ C RISE >
<x: 71.99880000000002     , y: 714.7776              , text: AUXILIARY POWER TRANSFORMER – SUPPLY FOR CONTROLS AND COOLING RATING: HV/LV _______/________ KVA; HV/CONN: __________ V/ ________; LV/CONN: ___________ V/ __________ TAPS: _____________________________; ____HZ AUXILIARY STATION SERVICE TRANSFORMER RATING: HV/LV _______/________ KVA,ONAN; INSULATING LIQUID ________________(Mineral Oil, etc.) HV/CONN: __________ V/ ________; LV/CONN: ___________ V/ __________ TAPS: _____________________________; ____HZ FIELD TESTING SPECIAL REQUIREMENTS (See Paragraph 5.5 of Specification):>
<x: 314.96886600000016    , y: 602.4653999999999     , text:  _____ C RISE >
<x: 301.47994200000005    , y: 547.0347599999998     , text: ____ PHASE; >
<x: 320.3967              , y: 491.54399999999976    , text:  >
<x: 464.39812800000004    , y: 491.54399999999976    , text:  >
<x: 71.99999999999994     , y: 80.82239999999999     , text: Copyright © 2004 Southern Company All Rights Reserved SES-S-PTLP >
<x: 306.0                 , y: 57.9576               , text: A-3 >
<x: 498.54018             , y: 69.29939999999999     , text: Revision 4 March 7, 2013 >
<x: 126.00259200000002    , y: 714.3624              , text: GENERAL >
<x: 125.99453999999997    , y: 691.3765199999999     , text: Drawings shall be submitted to the Purchaser for approval of general design, general dimensions, and apparent suitability. >
<x: 125.99453999999997    , y: 656.8676399999998     , text: All drawings and documentation (including test reports) shall be submitted in both electronic file and print form. Instruction books are not required to be submitted electronically. >
<x: 126.00355799999997    , y: 622.3587599999997     , text: Final files and prints of all approved drawings and documents shall incorporate all review comments. >
<x: 126.01658399999994    , y: 599.3728799999997     , text: See Purchase Order for additional requirements. >
<x: 125.98552199999993    , y: 576.4224              , text: ELECTRONIC DRAWING/FILE TYPES >
<x: 126.00266399999998    , y: 553.3764              , text: The following drawing/file types are acceptable in the following order of preference: >
<x: 126.00266400000001    , y: 530.3905199999999     , text: 1. AutoCAD (.DWG) files. >
<x: 126.00266400000001    , y: 507.4046399999999     , text: 2. AutoCAD DXF (drawing exchange file) file format on approval by Purchaser. DXF files should be >
<x: 144.00660000000002    , y: 495.8816399999999     , text: created through AutoCad Release 14 or higher, if possible. >
<x: 126.00266400000002    , y: 472.8957599999999     , text: 3. Raster file in CALS file format. >
<x: 126.00266400000002    , y: 449.84975999999983    , text: 4. Other suitable format on approval by Purchaser. >
<x: 125.99164200000001    , y: 415.3824              , text: ELECTRONIC DRAWING FILE SUBMITTAL METHODS Contact the purchaser for compatible system for transmittal. >
<x: 71.99676              , y: 750.8976              , text:  >
<x: 71.99675999999997     , y: 668.3906399999998     , text:  >
<x: 90.00073200000001     , y: 714.3547199999998     , text: 1.0 >
<x: 89.99869199999999     , y: 691.3765199999999     , text: 1.1 >
<x: 89.99869199999996     , y: 656.8676399999998     , text: 1.2 >
<x: 89.99869199999993     , y: 576.3869999999996     , text: 2.0 >
<x: 89.99869199999996     , y: 622.3587599999997     , text: 1.3 >
<x: 71.99675999999994     , y: 633.8817599999998     , text:  1.4 >
<x: 90.00481199999997     , y: 553.3764              , text:  >
<x: 90.004812             , y: 530.3905199999999     , text:  >
<x: 90.004812             , y: 507.4046399999999     , text:  >
<x: 90.00481200000002     , y: 472.8957599999999     , text:  >
<x: 90.00481200000002     , y: 449.84975999999983    , text:  >
<x: 89.99880000000002     , y: 415.3408799999998     , text: 3.0 >
<x: 90.00295200000004     , y: 346.42476             , text:  >
<x: 72.00288000000002     , y: 484.35863999999987    , text:  >
<x: 72.00102000000004     , y: 369.41064             , text:  >
<x: 72.0                  , y: 154.92239999999998    , text: DRAWING AND DOCUMENT REQUIREMENTS >
<x: 341.93479199999996    , y: 154.92239999999998    , text: Appendix B >
<x: 407.366394            , y: 154.92239999999998    , text:  >
<x: 260.94                , y: 177.2425              , text: THE SOUTHERN COMPANY >
<x: 71.99999999999994     , y: 80.82239999999999     , text: Copyright © 2004 Southern Company All Rights Reserved SES-S-PTLP >
<x: 306.0                 , y: 57.9576               , text: B-1 >
<x: 499.82394             , y: 154.92239999999998    , text: SHEET 1 OF 1 >
<x: 498.54018             , y: 69.29939999999999     , text: Revision 4 March 7, 2013 >
<x: 129.6                 , y: 758.0975999999999     , text:  >
<x: 71.99129999999997     , y: 706.2126              , text:  TEMPERATURE RISE: COOLING CLASS: >
<x: 215.98871999999994    , y: 721.6935              , text: AUTOTRANSFORMER STANDARD RATINGS 65 C Average winding rise ONAN/ONAF/ONAF, ONAN/ONAF/ODAF or ONAN/ODAF/ODAF >
<x: 89.98721999999995     , y: 675.1906799999999     , text: * Note: >
<x: 143.91686399999995    , y: 675.7176              , text: See the Detail Specification or Letter of Inquiry. >
<x: 196.98                , y: 650.9536              , text: STANDARD WINDING VOLTAGES AND CONNECTIONS >
<x: 90.0000599999999      , y: 598.98462             , text: RATED VOLTAGE (kV) BIL (kV) FULL CAPACITY TAP VOLTAGES (kV) >
<x: 243.65675999999996    , y: 598.98462             , text: 161 650 >
<x: 243.6667799999999     , y: 560.4577199999999     , text: 173 169 165 161 157 >
<x: 290.5167              , y: 632.94766             , text: HIGH VOLTAGE >
<x: 313.31579999999997    , y: 621.4194              , text: (WYE) >
<x: 328.01514             , y: 609.95652             , text:  >
<x: 333.65639999999996    , y: 598.98462             , text: 230 750 >
<x: 326.7125399999999     , y: 560.4577199999999     , text: 241.50 235.75 230.00 224.25 218.50 >
<x: 291.6725999999999     , y: 490.4424              , text: LOW VOLTAGE >
<x: 311.94522             , y: 478.9194              , text:  (WYE) >
<x: 328.02732000000003    , y: 467.45652             , text:  >
<x: 210.06186000000005    , y: 456.48462             , text: RATED VOLTAGE >
<x: 228.96959999999999    , y: 444.9735              , text:  (kV) >
<x: 242.28180000000003    , y: 421.51668             , text: 115 161 230 >
<x: 419.5177799999999     , y: 598.4335199999999     , text:  500 1,425 >
<x: 430.0888799999999     , y: 559.9066199999999     , text: * * * * * >
<x: 373.37634             , y: 455.93352             , text: BIL (kV) >
<x: 374.16504000000003    , y: 420.96558             , text: 450 650 825 >
<x: 72.00630000000001     , y: 456.48462             , text:  >
<x: 72.00192000000004     , y: 421.51668             , text:  >
<x: 72.00192000000004     , y: 348.42078             , text:  * Note: >
<x: 125.93958000000005    , y: 375.42467999999997    , text: NEUTRAL WILL BE SOLIDLY GROUNDED; NEUTRAL END SHALL BE INSULATED FOR A MINIMUM 150kV BIL For ratings and tap voltage ratings see the Detail Specification or Letter of Inquiry. >
<x: 153.06                , y: 314.7135              , text: TERTIARY WINDING/AUXILIARY TRANSFORMER (For Three Phase Units) >
<x: 71.9958               , y: 298.6825              , text:  TERTIARY VOLTAGE/BIL RATING (kV): 13.2-kV/110-kV BIL OR 26.18-kV/150-kV BIL CONNECTION: DELTA BUSHINGS: * Note: >
<x: 161.92530000000005    , y: 252.23979999999997    , text: Three bushings brought out. For tertiary ratings see the Detail Specification or Letter of Inquiry. >
<x: 71.98998000000006     , y: 192.4825              , text:  RATINGS, STANDARD LARGE POWER TRANSFORMERS >
<x: 261.9                 , y: 216.77769999999998    , text: THE SOUTHERN COMPANY >
<x: 329.93484             , y: 192.48249999999996    , text: APPENDIX C >
<x: 492.4137              , y: 192.4825              , text: SHEET 1 OF 4 >
<x: 71.99999999999994     , y: 66.4224               , text: Copyright © 2004 Southern Company All Rights Reserved SES-S-PTLP >
<x: 306.0                 , y: 43.5576               , text: C-1 >
<x: 498.53898000000004    , y: 54.89940000000001     , text: Revision 4 March 7, 2013 >
<x: 129.6                 , y: 758.0975999999999     , text:  >
<x: 126.6597              , y: 715.7533              , text: DELTA-WYE TERTIARY WINDING/AUXILIARY TRANSFORMER (For three phase units) >
<x: 72.00054              , y: 703.7393199999999     , text:  AUXILIARY TRANSFORMER KVA RATING: HV VOLTAGE RATING: LV VOLTAGE RATING: CONNECTION: TYPE: TAPS: >
<x: 202.50102             , y: 676.7415              , text: 150 KVA, OA, 65°C Rise Same rating as tertiary winding See the Detail Specification or Letter of Inquiry See the Detail Specification or Letter of Inquiry. If wye-connected, the phases are to be in-phase with the transformer. Liquid-filled, Three phase, 60Hz ±2 - 2 1/2% (no load) with external operating handle >
<x: 72.0                  , y: 166.7976              , text: Note: For single phase units see the Detail Specification or Letter of Inquiry. >
<x: 72.0                  , y: 141.48239999999998    , text:  RATINGS, STANDARD LARGE POWER TRANSFORMERS >
<x: 158.40246             , y: 141.48239999999998    , text:  >
<x: 72.0                  , y: 100.4376              , text:  >
<x: 260.82689999999997    , y: 141.48239999999998    , text: THE SOUTHERN COMPANYAPPENDIX C>
<x: 71.99999999999994     , y: 66.4224               , text: Copyright © 2004 Southern Company All Rights Reserved SES-S-PTLP >
<x: 306.0                 , y: 43.5576               , text: C-2 >
<x: 499.1406              , y: 125.2225              , text: SHEET 2 OF 4>
<x: 498.53898000000004    , y: 54.89940000000001     , text: Revision 4 March 7, 2013 >
<x: 129.6                 , y: 758.0975999999999     , text:  >
<x: 121.0796              , y: 715.7533              , text: DELTA- DELTA TERTIARY WINDING/AUXILIARY TRANSFORMER (For three phase units) >
<x: 72.00163999999995     , y: 703.7393199999999     , text:  >
<x: 72.0                  , y: 232.51360000000003    , text: Note: For single phase units see the Detail Specification or Letter of Inquiry. >
<x: 72.0                  , y: 153.3024              , text: RATINGS, STANDARD LARGE POWER TRANSFORMERS >
<x: 72.0                  , y: 124.55760000000001    , text:  >
<x: 261.9                 , y: 174.71759999999998    , text: THE SOUTHERN COMPANY APPENDIX C >
<x: 365.16                , y: 141.95759999999999    , text:  >
<x: 517.02                , y: 254.7577              , text:  >
<x: 498.4799              , y: 153.3024              , text: SHEET 3 OF 4 >
<x: 71.99999999999994     , y: 66.4224               , text: Copyright © 2004 Southern Company All Rights Reserved SES-S-PTLP >
<x: 306.0                 , y: 43.5576               , text: C-3 >
<x: 498.53898000000004    , y: 54.89940000000001     , text: Revision 4 March 7, 2013 >
<x: 129.6                 , y: 758.0975999999999     , text:  >
<x: 135.59454000000005    , y: 716.8785              , text:  GSU STANDARD RATINGS AND IMPEDANCES TEMPERATURE RISE: 65°C average winding rise or as stated in the Detail Specification or Letter of Inquiry COOLING CLASS: FOA or as stated in the Detail Specification or Letter of Inquiry MVA RATINGS: See the Detail Specification or Letter of Inquiry IMPEDANCE: See the Detail Specification or Letter of Inquiry WINDING VOLTAGES AND CONNECTIONS >
<x: 164.403048            , y: 463.55802             , text: VOLTAGE CLASS (kV) . >
<x: 164.39856000000003    , y: 411.77352             , text:  >
<x: 214.98052200000004    , y: 411.77352             , text: 15 >
<x: 208.02063000000004    , y: 394.48902000000004    , text: 23/25 >
<x: 135.60108000000002    , y: 463.55802             , text:  >
<x: 135.60108000000002    , y: 377.21454000000006    , text:  >
<x: 274.79783999999995    , y: 480.7824              , text: PRIMARY (LOW VOLTAGE) (DELTA) BIL (kV) >
<x: 428.15502000000004    , y: 411.77352             , text: 110 150 >
<x: 269.51838             , y: 363.00239999999997    , text: SECONDARY (HIGH VOLTAGE) (WYE) >
<x: 359.51904             , y: 345.7179              , text:  >
<x: 252.66576             , y: 293.92452000000003    , text: 450 >
<x: 450.65094             , y: 328.4334              , text: 500 >
<x: 333.66744             , y: 328.4334              , text: 230 >
<x: 135.6021              , y: 328.4334              , text:  RATED VOLTAGE (kV) 115 BIL (kV) FULL CAPACITY TAP VOLTAGES (V) See the Detail Specification or Letter of Inquiry NEUTRAL WILL BE SOLIDLY GROUNDED; NEUTRAL END SHALL BE INSULATED FOR A MINIMUM 150 kV BIL >
<x: 447.8754              , y: 293.92452000000003    , text: 1425 >
<x: 333.6474              , y: 293.92452000000003    , text: 750 >
<x: 78.0                  , y: 157.5024              , text: RATINGS, STANDARD LARGE POWER TRANSFORMERS >
<x: 379.2012              , y: 157.50239999999997    , text: APPENDIX C >
<x: 516.53532             , y: 157.50239999999997    , text: SHEET 4 OF 4 >
<x: 293.4                 , y: 185.1025              , text: THE SOUTHERN COMPANY >
<x: 71.99999999999994     , y: 66.4224               , text: Copyright © 2004 Southern Company All Rights Reserved SES-S-PTLP >
<x: 315.0                 , y: 129.0576              , text:  >
<x: 306.0                 , y: 43.5576               , text: C-4 >
<x: 498.53898000000004    , y: 54.89940000000001     , text: Revision 4 March 7, 2013 >
